2025-06-24 20:13:50,765 - root                      - INFO     - Debug log will be saved to logs\scrape_debug_2025-06-24_20-13-50.log
2025-06-24 20:13:52,146 - infortic_scraper          - INFO     - Memulai proses scraping... (Mode Debug: True)
2025-06-24 20:13:52,611 - infortic_scraper          - INFO     - Memulai tahap pembersihan data kompetisi kedaluwarsa di database...
2025-06-24 20:13:52,611 - core.database             - INFO     - Menghapus kompetisi yang sudah kedaluwarsa dari database...
2025-06-24 20:13:53,043 - httpx                     - INFO     - HTTP Request: DELETE https://jnqozfvnkhaxjfbfjyye.supabase.co/rest/v1/competitions?deadline=lt.2025-06-24T20%3A13%3A52.895911 "HTTP/2 200 OK"
2025-06-24 20:13:53,054 - core.database             - INFO     - Tidak ada kompetisi kedaluwarsa yang perlu dihapus.
2025-06-24 20:13:53,054 - infortic_scraper          - INFO     - Tahap pembersihan selesai.
2025-06-24 20:13:53,054 - core.database             - INFO     - Mengambil daftar kategori dari Supabase...
2025-06-24 20:13:53,117 - httpx                     - INFO     - HTTP Request: GET https://jnqozfvnkhaxjfbfjyye.supabase.co/rest/v1/categories?select=id%2Cname%2Cslug "HTTP/2 200 OK"
2025-06-24 20:13:53,118 - core.database             - INFO     - Berhasil mengambil 16 kategori.
2025-06-24 20:13:53,118 - infortic_scraper          - INFO     - Memulai proses untuk sumber: instagram.com
2025-06-24 20:13:53,118 - core.database             - INFO     - Memanggil fungsi RPC 'get_or_create_source_id' untuk sumber: instagram.com
2025-06-24 20:13:53,182 - httpx                     - INFO     - HTTP Request: POST https://jnqozfvnkhaxjfbfjyye.supabase.co/rest/v1/rpc/get_or_create_source_id "HTTP/2 200 OK"
2025-06-24 20:13:53,184 - core.database             - INFO     - Berhasil mendapatkan source_id: 6fbad0b8-c4c4-425e-bace-28f3d8e52a04
2025-06-24 20:13:53,184 - scrapers.instagram.com    - INFO     - Scraper for instagram.com initialized (Debug: True).
2025-06-24 20:13:53,184 - scrapers.instagram.com    - INFO     - Starting Instagram scrape with Playwright.
2025-06-24 20:13:54,634 - scrapers.instagram.com    - INFO     - Navigating to csrelatedcompetitions's profile.
2025-06-24 20:13:55,486 - scrapers.instagram.com    - INFO     - Waiting for profile header to load...
2025-06-24 20:13:56,467 - scrapers.instagram.com    - INFO     - Profile header loaded.
2025-06-24 20:13:56,468 - scrapers.instagram.com    - INFO     - Scrolling down to trigger post loading...
2025-06-24 20:13:56,481 - scrapers.instagram.com    - INFO     - Scroll attempt 1/3, waiting for content...
2025-06-24 20:13:59,522 - scrapers.instagram.com    - INFO     - Scroll attempt 2/3, waiting for content...
2025-06-24 20:14:02,583 - scrapers.instagram.com    - INFO     - Scroll attempt 3/3, waiting for content...
2025-06-24 20:14:05,706 - scrapers.instagram.com    - INFO     - Post grid found with BeautifulSoup. Found 45 initial posts. Proceeding with scrape.
2025-06-24 20:14:05,706 - scrapers.instagram.com    - INFO     - Scrolling to load all posts and collecting URLs with BeautifulSoup...
2025-06-24 20:14:05,841 - scrapers.instagram.com    - INFO     - Found 45 new post URLs. Total unique URLs: 45
2025-06-24 20:14:08,981 - scrapers.instagram.com    - INFO     - Found 12 new post URLs. Total unique URLs: 57
2025-06-24 20:14:12,104 - scrapers.instagram.com    - INFO     - Found 12 new post URLs. Total unique URLs: 69
2025-06-24 20:14:15,231 - scrapers.instagram.com    - INFO     - Found 12 new post URLs. Total unique URLs: 81
2025-06-24 20:14:18,372 - scrapers.instagram.com    - INFO     - Found 12 new post URLs. Total unique URLs: 93
2025-06-24 20:14:21,489 - scrapers.instagram.com    - INFO     - Found 12 new post URLs. Total unique URLs: 105
2025-06-24 20:14:24,618 - scrapers.instagram.com    - INFO     - Found 12 new post URLs. Total unique URLs: 117
2025-06-24 20:14:27,771 - scrapers.instagram.com    - INFO     - Found 12 new post URLs. Total unique URLs: 129
2025-06-24 20:14:30,883 - scrapers.instagram.com    - INFO     - Found 12 new post URLs. Total unique URLs: 141
2025-06-24 20:14:33,988 - scrapers.instagram.com    - INFO     - Found 12 new post URLs. Total unique URLs: 153
2025-06-24 20:14:37,113 - scrapers.instagram.com    - INFO     - Found 12 new post URLs. Total unique URLs: 165
2025-06-24 20:14:40,237 - scrapers.instagram.com    - INFO     - Found 12 new post URLs. Total unique URLs: 177
2025-06-24 20:14:43,356 - scrapers.instagram.com    - INFO     - Found 12 new post URLs. Total unique URLs: 189
2025-06-24 20:14:46,469 - scrapers.instagram.com    - INFO     - Found 12 new post URLs. Total unique URLs: 201
2025-06-24 20:14:49,589 - scrapers.instagram.com    - INFO     - Found 12 new post URLs. Total unique URLs: 213
2025-06-24 20:14:52,722 - scrapers.instagram.com    - INFO     - Found 12 new post URLs. Total unique URLs: 225
2025-06-24 20:14:55,834 - scrapers.instagram.com    - INFO     - Found 12 new post URLs. Total unique URLs: 237
2025-06-24 20:14:58,952 - scrapers.instagram.com    - INFO     - Found 12 new post URLs. Total unique URLs: 249
2025-06-24 20:15:02,076 - scrapers.instagram.com    - INFO     - Found 12 new post URLs. Total unique URLs: 261
2025-06-24 20:15:05,191 - scrapers.instagram.com    - INFO     - Found 12 new post URLs. Total unique URLs: 273
2025-06-24 20:15:08,309 - scrapers.instagram.com    - INFO     - Found 12 new post URLs. Total unique URLs: 285
2025-06-24 20:15:11,438 - scrapers.instagram.com    - INFO     - Found 12 new post URLs. Total unique URLs: 297
2025-06-24 20:15:14,548 - scrapers.instagram.com    - INFO     - Found 12 new post URLs. Total unique URLs: 309
2025-06-24 20:15:17,674 - scrapers.instagram.com    - INFO     - Found 12 new post URLs. Total unique URLs: 321
2025-06-24 20:15:20,805 - scrapers.instagram.com    - INFO     - Found 12 new post URLs. Total unique URLs: 333
2025-06-24 20:15:23,929 - scrapers.instagram.com    - INFO     - Found 12 new post URLs. Total unique URLs: 345
2025-06-24 20:15:27,038 - scrapers.instagram.com    - INFO     - Found 12 new post URLs. Total unique URLs: 357
2025-06-24 20:15:30,155 - scrapers.instagram.com    - INFO     - Found 12 new post URLs. Total unique URLs: 369
2025-06-24 20:15:33,272 - scrapers.instagram.com    - INFO     - Found 12 new post URLs. Total unique URLs: 381
2025-06-24 20:15:36,393 - scrapers.instagram.com    - INFO     - Found 12 new post URLs. Total unique URLs: 393
2025-06-24 20:15:39,518 - scrapers.instagram.com    - INFO     - Found 12 new post URLs. Total unique URLs: 405
2025-06-24 20:15:42,629 - scrapers.instagram.com    - INFO     - Found 12 new post URLs. Total unique URLs: 417
2025-06-24 20:15:45,744 - scrapers.instagram.com    - INFO     - Found 12 new post URLs. Total unique URLs: 429
2025-06-24 20:15:48,863 - scrapers.instagram.com    - INFO     - Found 12 new post URLs. Total unique URLs: 441
2025-06-24 20:15:51,982 - scrapers.instagram.com    - INFO     - Found 12 new post URLs. Total unique URLs: 453
2025-06-24 20:15:55,095 - scrapers.instagram.com    - INFO     - Found 12 new post URLs. Total unique URLs: 465
2025-06-24 20:15:58,243 - scrapers.instagram.com    - INFO     - Found 12 new post URLs. Total unique URLs: 477
2025-06-24 20:16:01,410 - scrapers.instagram.com    - INFO     - Found 12 new post URLs. Total unique URLs: 489
2025-06-24 20:16:04,523 - scrapers.instagram.com    - INFO     - Found 12 new post URLs. Total unique URLs: 501
2025-06-24 20:16:07,639 - scrapers.instagram.com    - INFO     - Found 11 new post URLs. Total unique URLs: 512
2025-06-24 20:16:10,755 - scrapers.instagram.com    - INFO     - Found 12 new post URLs. Total unique URLs: 524
2025-06-24 20:16:13,868 - scrapers.instagram.com    - INFO     - Found 12 new post URLs. Total unique URLs: 536
2025-06-24 20:16:16,995 - scrapers.instagram.com    - INFO     - Found 11 new post URLs. Total unique URLs: 547
2025-06-24 20:16:20,115 - scrapers.instagram.com    - INFO     - Found 12 new post URLs. Total unique URLs: 559
2025-06-24 20:16:23,222 - scrapers.instagram.com    - INFO     - Found 12 new post URLs. Total unique URLs: 571
2025-06-24 20:16:26,332 - scrapers.instagram.com    - INFO     - Found 12 new post URLs. Total unique URLs: 583
2025-06-24 20:16:29,448 - scrapers.instagram.com    - INFO     - Found 12 new post URLs. Total unique URLs: 595
2025-06-24 20:16:32,665 - scrapers.instagram.com    - INFO     - Found 12 new post URLs. Total unique URLs: 607
2025-06-24 20:16:35,788 - scrapers.instagram.com    - INFO     - Found 12 new post URLs. Total unique URLs: 619
2025-06-24 20:16:38,904 - scrapers.instagram.com    - INFO     - Found 11 new post URLs. Total unique URLs: 630
2025-06-24 20:16:41,908 - scrapers.instagram.com    - WARNING  - Reached max scroll attempts.
2025-06-24 20:16:41,908 - scrapers.instagram.com    - INFO     - Finished scrolling. Collected 630 unique post URLs.
2025-06-24 20:16:41,909 - scrapers.instagram.com    - INFO     - Saved collected URLs to logs\instagram_urls_csrelatedcompetitions.txt
2025-06-24 20:16:41,909 - scrapers.instagram.com    - INFO     - Scraping post: https://www.instagram.com/csrelatedcompetitions/p/C-2In76T4YH/
2025-06-24 20:16:43,818 - scrapers.instagram.com    - INFO     - Article element loaded.
2025-06-24 20:16:44,188 - scrapers.instagram.com    - INFO     - Found caption for https://www.instagram.com/csrelatedcompetitions/p/C-2In76T4YH/
2025-06-24 20:16:44,228 - scrapers.instagram.com    - INFO     - Found poster for https://www.instagram.com/csrelatedcompetitions/p/C-2In76T4YH/
2025-06-24 20:16:44,397 - scrapers.instagram.com    - INFO     - Found post timestamp for https://www.instagram.com/csrelatedcompetitions/p/C-2In76T4YH/: 2024-08-19 09:06:15+00:00
2025-06-24 20:16:44,397 - scrapers.instagram.com    - INFO     - Scraping post: https://www.instagram.com/csrelatedcompetitions/p/C-4Kj9NzrkA/
2025-06-24 20:16:46,025 - scrapers.instagram.com    - INFO     - Article element loaded.
2025-06-24 20:16:46,143 - scrapers.instagram.com    - INFO     - Found caption for https://www.instagram.com/csrelatedcompetitions/p/C-4Kj9NzrkA/
2025-06-24 20:16:46,159 - scrapers.instagram.com    - INFO     - Found poster for https://www.instagram.com/csrelatedcompetitions/p/C-4Kj9NzrkA/
2025-06-24 20:16:46,197 - scrapers.instagram.com    - INFO     - Found post timestamp for https://www.instagram.com/csrelatedcompetitions/p/C-4Kj9NzrkA/: 2024-08-20 04:01:40+00:00
2025-06-24 20:16:46,197 - scrapers.instagram.com    - INFO     - Scraping post: https://www.instagram.com/csrelatedcompetitions/p/C-67F0Szjuq/
2025-06-24 20:16:47,717 - scrapers.instagram.com    - INFO     - Article element loaded.
2025-06-24 20:16:48,577 - scrapers.instagram.com    - INFO     - Found caption for https://www.instagram.com/csrelatedcompetitions/p/C-67F0Szjuq/
2025-06-24 20:16:48,592 - scrapers.instagram.com    - INFO     - Found poster for https://www.instagram.com/csrelatedcompetitions/p/C-67F0Szjuq/
2025-06-24 20:16:48,604 - scrapers.instagram.com    - INFO     - Found post timestamp for https://www.instagram.com/csrelatedcompetitions/p/C-67F0Szjuq/: 2024-08-21 05:44:12+00:00
2025-06-24 20:16:48,605 - scrapers.instagram.com    - INFO     - Scraping post: https://www.instagram.com/csrelatedcompetitions/p/C-DNUbbT6M3/
2025-06-24 20:16:50,004 - scrapers.instagram.com    - INFO     - Article element loaded.
2025-06-24 20:16:50,373 - scrapers.instagram.com    - INFO     - Found caption for https://www.instagram.com/csrelatedcompetitions/p/C-DNUbbT6M3/
2025-06-24 20:16:50,382 - scrapers.instagram.com    - INFO     - Found poster for https://www.instagram.com/csrelatedcompetitions/p/C-DNUbbT6M3/
2025-06-24 20:16:50,395 - scrapers.instagram.com    - INFO     - Found post timestamp for https://www.instagram.com/csrelatedcompetitions/p/C-DNUbbT6M3/: 2024-07-30 14:26:01+00:00
2025-06-24 20:16:50,395 - scrapers.instagram.com    - INFO     - Scraping post: https://www.instagram.com/csrelatedcompetitions/p/C-DO-yvz1Zl/
2025-06-24 20:16:51,970 - scrapers.instagram.com    - INFO     - Article element loaded.
2025-06-24 20:16:52,820 - scrapers.instagram.com    - INFO     - Found caption for https://www.instagram.com/csrelatedcompetitions/p/C-DO-yvz1Zl/
2025-06-24 20:16:52,827 - scrapers.instagram.com    - INFO     - Found poster for https://www.instagram.com/csrelatedcompetitions/p/C-DO-yvz1Zl/
2025-06-24 20:16:52,838 - scrapers.instagram.com    - INFO     - Found post timestamp for https://www.instagram.com/csrelatedcompetitions/p/C-DO-yvz1Zl/: 2024-07-30 14:40:32+00:00
2025-06-24 20:16:52,838 - scrapers.instagram.com    - INFO     - Scraping finished.
2025-06-24 20:16:53,211 - infortic_scraper          - INFO     - Selesai scrape dari instagram.com, mendapatkan 5 kompetisi mentah.
2025-06-24 20:16:53,235 - infortic_scraper          - WARNING  - FINAL CHECK: Filtering competition 'Let's build the future together! 💡' due to missing one or more mandatory fields (registration_url, poster_url, deadline/event_date_start).
2025-06-24 20:16:53,237 - core.data_cleaner         - INFO     - Fallback: Using first non-social link from description: https://mage-its.id/competition/ui-ux
2025-06-24 20:16:53,237 - core.data_cleaner         - INFO     - Fallback: Found Instagram handle '@mage_its' and set 'Mage Its' as organizer for '👾A NEW CHALLENGE AWAITS👾'.
2025-06-24 20:16:53,240 - core.data_cleaner         - WARNING  - Dateparser tidak menemukan tanggal valid di: '[👾A NEW CHALLENGE AWAITS👾]

💻🎨🎮
Gear up and dive into MAGE X side competition featuring Competitive Programing , UI/UX , and E-Sports . Don't miss out on the fun and excitement! ✨️

UI/UX :
https://mage-its.id/competition/ui-ux

Competitive Programming :
https://mage-its.id/competition/competitive-programming

E-sports :
https://mage-its.id/competition/esport

Stay tuned to our social media platforms for more informations and the latest updates.
Instagram: @mage_its
Line: @rio5948f
Tiktok: @magex_its

#UIUX #Programming #esport #valorant #mobilelegend #ITSSURABAYA #TEKKOMITS #MAGEX'
2025-06-24 20:16:53,240 - core.data_cleaner         - INFO     - No explicit deadline found for '👾A NEW CHALLENGE AWAITS👾'. Using event_date_start as fallback deadline.
2025-06-24 20:16:53,241 - infortic_scraper          - WARNING  - Melewatkan kompetisi '👾A NEW CHALLENGE AWAITS👾' karena sudah kedaluwarsa.
2025-06-24 20:16:53,254 - infortic_scraper          - WARNING  - Melewatkan kompetisi 'IIT Competition 2024 menghadirkan berbagai lomba seru:' karena sudah kedaluwarsa.
2025-06-24 20:16:53,254 - core.data_cleaner         - INFO     - Fallback: Found Instagram handle '@cpsc_ipb' and set 'Cpsc Ipb' as organizer for 'CPSC 2024 PRE-REGISTRATION IS NOW OPEN‼️'.
2025-06-24 20:16:53,269 - infortic_scraper          - WARNING  - Melewatkan kompetisi 'CPSC 2024 PRE-REGISTRATION IS NOW OPEN‼️' karena sudah kedaluwarsa.
2025-06-24 20:16:53,269 - core.data_cleaner         - INFO     - Fallback: Using first non-social link from description: https://tlx.toki.id/contests/troc-37
2025-06-24 20:16:53,271 - core.data_cleaner         - WARNING  - Dateparser tidak menemukan tanggal valid di: 'Admin notes:
Silakan kunjungi https://tlx.toki.id/contests/troc-37 untuk informasi lebih lanjut'
2025-06-24 20:16:53,271 - core.data_cleaner         - INFO     - No explicit deadline found for 'Silakan kunjungi https://tlx.toki.id/contests/troc-37 untuk informasi lebih lanjut'. Using event_date_start as fallback deadline.
2025-06-24 20:16:53,271 - core.data_cleaner         - WARNING  - Tidak ada kategori yang dapat ditetapkan untuk acara: 'Silakan kunjungi https://tlx.toki.id/contests/troc-37 untuk informasi lebih lanjut'
2025-06-24 20:16:53,272 - infortic_scraper          - WARNING  - Melewatkan kompetisi 'Silakan kunjungi https://tlx.toki.id/contests/troc-37 untuk informasi lebih lanjut' karena sudah kedaluwarsa.
2025-06-24 20:16:53,272 - infortic_scraper          - WARNING  - Tidak ada kompetisi baru yang berhasil di-scrape dan divalidasi dari semua sumber.
2025-06-24 20:16:53,272 - infortic_scraper          - INFO     - Proses scraping selesai.
2025-06-24 20:16:53,272 - infortic_scraper          - INFO     - --- Ringkasan Hasil Scraping ---
2025-06-24 20:16:53,272 - infortic_scraper          - INFO     - instagram.com: 5 acara
2025-06-24 20:16:53,272 - infortic_scraper          - INFO     - --------------------------------
