2025-06-24 15:52:10,216 - root                      - INFO     - Debug log will be saved to logs\scrape_debug_2025-06-24_15-52-10.log
2025-06-24 15:52:11,567 - infortic_scraper          - INFO     - Memulai proses scraping... (Mode Debug: True)
2025-06-24 15:52:11,986 - infortic_scraper          - INFO     - Memulai tahap pembersihan data kompetisi kedaluwarsa di database...
2025-06-24 15:52:11,986 - core.database             - INFO     - Menghapus kompetisi yang sudah kedaluwarsa dari database...
2025-06-24 15:52:12,773 - httpx                     - INFO     - HTTP Request: DELETE https://jnqozfvnkhaxjfbfjyye.supabase.co/rest/v1/competitions?deadline=lt.2025-06-24T15%3A52%3A12.284414 "HTTP/2 200 OK"
2025-06-24 15:52:12,782 - core.database             - INFO     - Tidak ada kompetisi kedaluwarsa yang perlu dihapus.
2025-06-24 15:52:12,782 - infortic_scraper          - INFO     - Tahap pembersihan selesai.
2025-06-24 15:52:12,782 - core.database             - INFO     - Mengambil daftar kategori dari Supabase...
2025-06-24 15:52:12,846 - httpx                     - INFO     - HTTP Request: GET https://jnqozfvnkhaxjfbfjyye.supabase.co/rest/v1/categories?select=id%2Cname%2Cslug "HTTP/2 200 OK"
2025-06-24 15:52:12,847 - core.database             - INFO     - Berhasil mengambil 16 kategori.
2025-06-24 15:52:12,847 - infortic_scraper          - INFO     - Memulai proses untuk sumber: instagram.com
2025-06-24 15:52:12,847 - core.database             - INFO     - Memanggil fungsi RPC 'get_or_create_source_id' untuk sumber: instagram.com
2025-06-24 15:52:12,896 - httpx                     - INFO     - HTTP Request: POST https://jnqozfvnkhaxjfbfjyye.supabase.co/rest/v1/rpc/get_or_create_source_id "HTTP/2 200 OK"
2025-06-24 15:52:12,898 - core.database             - INFO     - Berhasil mendapatkan source_id: 6fbad0b8-c4c4-425e-bace-28f3d8e52a04
2025-06-24 15:52:12,899 - scrapers.instagram.com    - INFO     - Scraper for instagram.com initialized (Debug: True).
2025-06-24 15:52:12,899 - scrapers.instagram.com    - INFO     - Starting Instagram scrape with Playwright.
2025-06-24 15:52:14,089 - scrapers.instagram.com    - INFO     - Logging in to Instagram...
2025-06-24 15:52:18,576 - scrapers.instagram.com    - INFO     - Waiting for main page to load after login...
2025-06-24 15:52:23,288 - scrapers.instagram.com    - INFO     - Login successful, main page loaded.
2025-06-24 15:52:23,288 - scrapers.instagram.com    - INFO     - Checking for 'Save your login info' pop-up...
2025-06-24 15:52:30,307 - scrapers.instagram.com    - INFO     - 'Save your login info' pop-up not found or failed to click. Continuing...
2025-06-24 15:52:30,307 - scrapers.instagram.com    - INFO     - Checking for 'Turn on Notifications' pop-up...
2025-06-24 15:52:37,331 - scrapers.instagram.com    - INFO     - 'Turn on Notifications' pop-up not found or failed to click. Continuing...
2025-06-24 15:52:37,331 - scrapers.instagram.com    - INFO     - Navigating to csrelatedcompetitions's profile.
2025-06-24 15:52:38,106 - scrapers.instagram.com    - INFO     - Waiting for profile header to load...
2025-06-24 15:52:39,124 - scrapers.instagram.com    - INFO     - Profile header loaded.
2025-06-24 15:52:39,125 - scrapers.instagram.com    - INFO     - Checking for post grid to determine if account is public...
2025-06-24 15:52:49,148 - scrapers.instagram.com    - WARNING  - Could not find post grid for 'csrelatedcompetitions'. The account is likely private or restricted. Error: Page.wait_for_selector: Timeout 10000ms exceeded.
Call log:
  - waiting for locator("main a[href^='/p/']") to be visible

2025-06-24 15:52:49,827 - scrapers.instagram.com    - INFO     - Saved main element HTML to logs\instagram_profile_failed_csrelatedcompetitions_main.html
2025-06-24 15:52:49,828 - scrapers.instagram.com    - INFO     - Saved screenshot to logs\instagram_profile_failed_csrelatedcompetitions.png
2025-06-24 15:52:49,828 - scrapers.instagram.com    - INFO     - Saved HTML to logs\instagram_profile_failed_csrelatedcompetitions.html
2025-06-24 15:52:50,599 - infortic_scraper          - INFO     - Selesai scrape dari instagram.com, mendapatkan 0 kompetisi mentah.
2025-06-24 15:52:50,599 - infortic_scraper          - WARNING  - Tidak ada kompetisi baru yang berhasil di-scrape dan divalidasi dari semua sumber.
2025-06-24 15:52:50,599 - infortic_scraper          - INFO     - Proses scraping selesai.
2025-06-24 15:52:50,599 - infortic_scraper          - INFO     - --- Ringkasan Hasil Scraping ---
2025-06-24 15:52:50,599 - infortic_scraper          - INFO     - instagram.com: 0 acara
2025-06-24 15:52:50,599 - infortic_scraper          - INFO     - --------------------------------
