2025-06-24 20:00:46,487 - root                      - INFO     - Debug log will be saved to logs\scrape_debug_2025-06-24_20-00-46.log
2025-06-24 20:00:47,752 - infortic_scraper          - INFO     - Memulai proses scraping... (Mode Debug: True)
2025-06-24 20:00:48,143 - infortic_scraper          - INFO     - Memulai tahap pembersihan data kompetisi kedaluwarsa di database...
2025-06-24 20:00:48,143 - core.database             - INFO     - Menghapus kompetisi yang sudah kedaluwarsa dari database...
2025-06-24 20:00:48,912 - httpx                     - INFO     - HTTP Request: DELETE https://jnqozfvnkhaxjfbfjyye.supabase.co/rest/v1/competitions?deadline=lt.2025-06-24T20%3A00%3A48.424671 "HTTP/2 200 OK"
2025-06-24 20:00:48,916 - core.database             - INFO     - Tidak ada kompetisi kedaluwarsa yang perlu dihapus.
2025-06-24 20:00:48,916 - infortic_scraper          - INFO     - Tahap pembersihan selesai.
2025-06-24 20:00:48,916 - core.database             - INFO     - Mengambil daftar kategori dari Supabase...
2025-06-24 20:00:48,980 - httpx                     - INFO     - HTTP Request: GET https://jnqozfvnkhaxjfbfjyye.supabase.co/rest/v1/categories?select=id%2Cname%2Cslug "HTTP/2 200 OK"
2025-06-24 20:00:48,981 - core.database             - INFO     - Berhasil mengambil 16 kategori.
2025-06-24 20:00:48,981 - infortic_scraper          - INFO     - Memulai proses untuk sumber: instagram.com
2025-06-24 20:00:48,981 - core.database             - INFO     - Memanggil fungsi RPC 'get_or_create_source_id' untuk sumber: instagram.com
2025-06-24 20:00:49,052 - httpx                     - INFO     - HTTP Request: POST https://jnqozfvnkhaxjfbfjyye.supabase.co/rest/v1/rpc/get_or_create_source_id "HTTP/2 200 OK"
2025-06-24 20:00:49,055 - core.database             - INFO     - Berhasil mendapatkan source_id: 6fbad0b8-c4c4-425e-bace-28f3d8e52a04
2025-06-24 20:00:49,055 - scrapers.instagram.com    - INFO     - Scraper for instagram.com initialized (Debug: True).
2025-06-24 20:00:49,056 - scrapers.instagram.com    - INFO     - Starting Instagram scrape with Playwright.
2025-06-24 20:00:50,638 - scrapers.instagram.com    - INFO     - Navigating to csrelatedcompetitions's profile.
2025-06-24 20:00:51,834 - scrapers.instagram.com    - INFO     - Waiting for profile header to load...
2025-06-24 20:00:52,799 - scrapers.instagram.com    - INFO     - Profile header loaded.
2025-06-24 20:00:52,800 - scrapers.instagram.com    - INFO     - Scrolling down to trigger post loading...
2025-06-24 20:00:52,820 - scrapers.instagram.com    - INFO     - Scroll attempt 1/3, waiting for content...
2025-06-24 20:00:55,888 - scrapers.instagram.com    - INFO     - Scroll attempt 2/3, waiting for content...
2025-06-24 20:00:58,958 - scrapers.instagram.com    - INFO     - Scroll attempt 3/3, waiting for content...
2025-06-24 20:01:02,092 - scrapers.instagram.com    - INFO     - Post grid found with BeautifulSoup. Found 45 initial posts. Proceeding with scrape.
2025-06-24 20:01:02,092 - scrapers.instagram.com    - INFO     - Scrolling to load all posts and collecting URLs with BeautifulSoup...
2025-06-24 20:01:02,225 - scrapers.instagram.com    - INFO     - Found 45 new post URLs. Total unique URLs: 45
2025-06-24 20:01:05,350 - scrapers.instagram.com    - INFO     - Found 12 new post URLs. Total unique URLs: 57
2025-06-24 20:01:08,479 - scrapers.instagram.com    - INFO     - Found 12 new post URLs. Total unique URLs: 69
2025-06-24 20:01:11,609 - scrapers.instagram.com    - INFO     - Found 12 new post URLs. Total unique URLs: 81
2025-06-24 20:01:14,733 - scrapers.instagram.com    - INFO     - Found 12 new post URLs. Total unique URLs: 93
2025-06-24 20:01:17,849 - scrapers.instagram.com    - INFO     - Found 12 new post URLs. Total unique URLs: 105
2025-06-24 20:01:20,990 - scrapers.instagram.com    - INFO     - Found 12 new post URLs. Total unique URLs: 117
2025-06-24 20:01:24,147 - scrapers.instagram.com    - INFO     - Found 12 new post URLs. Total unique URLs: 129
2025-06-24 20:01:27,257 - scrapers.instagram.com    - INFO     - Found 12 new post URLs. Total unique URLs: 141
2025-06-24 20:01:30,371 - scrapers.instagram.com    - INFO     - Found 12 new post URLs. Total unique URLs: 153
2025-06-24 20:01:33,492 - scrapers.instagram.com    - INFO     - Found 12 new post URLs. Total unique URLs: 165
2025-06-24 20:01:36,623 - scrapers.instagram.com    - INFO     - Found 12 new post URLs. Total unique URLs: 177
2025-06-24 20:01:39,750 - scrapers.instagram.com    - INFO     - Found 12 new post URLs. Total unique URLs: 189
2025-06-24 20:01:42,862 - scrapers.instagram.com    - INFO     - Found 12 new post URLs. Total unique URLs: 201
2025-06-24 20:01:45,980 - scrapers.instagram.com    - INFO     - Found 12 new post URLs. Total unique URLs: 213
2025-06-24 20:01:49,095 - scrapers.instagram.com    - INFO     - Found 12 new post URLs. Total unique URLs: 225
2025-06-24 20:01:52,204 - scrapers.instagram.com    - INFO     - Found 12 new post URLs. Total unique URLs: 237
2025-06-24 20:01:55,345 - scrapers.instagram.com    - INFO     - Found 12 new post URLs. Total unique URLs: 249
2025-06-24 20:01:58,492 - scrapers.instagram.com    - INFO     - Found 12 new post URLs. Total unique URLs: 261
2025-06-24 20:02:01,621 - scrapers.instagram.com    - INFO     - Found 12 new post URLs. Total unique URLs: 273
2025-06-24 20:02:04,732 - scrapers.instagram.com    - INFO     - Found 12 new post URLs. Total unique URLs: 285
2025-06-24 20:02:07,848 - scrapers.instagram.com    - INFO     - Found 12 new post URLs. Total unique URLs: 297
2025-06-24 20:02:10,965 - scrapers.instagram.com    - INFO     - Found 12 new post URLs. Total unique URLs: 309
2025-06-24 20:02:14,112 - scrapers.instagram.com    - INFO     - Found 12 new post URLs. Total unique URLs: 321
2025-06-24 20:02:17,224 - scrapers.instagram.com    - INFO     - Found 12 new post URLs. Total unique URLs: 333
2025-06-24 20:02:20,352 - scrapers.instagram.com    - INFO     - Found 12 new post URLs. Total unique URLs: 345
2025-06-24 20:02:23,465 - scrapers.instagram.com    - INFO     - Found 12 new post URLs. Total unique URLs: 357
2025-06-24 20:02:26,591 - scrapers.instagram.com    - INFO     - Found 12 new post URLs. Total unique URLs: 369
2025-06-24 20:02:29,700 - scrapers.instagram.com    - INFO     - Found 12 new post URLs. Total unique URLs: 381
2025-06-24 20:02:32,824 - scrapers.instagram.com    - INFO     - Found 12 new post URLs. Total unique URLs: 393
2025-06-24 20:02:35,936 - scrapers.instagram.com    - INFO     - Found 12 new post URLs. Total unique URLs: 405
2025-06-24 20:02:39,044 - scrapers.instagram.com    - INFO     - Found 12 new post URLs. Total unique URLs: 417
2025-06-24 20:02:42,163 - scrapers.instagram.com    - INFO     - Found 12 new post URLs. Total unique URLs: 429
2025-06-24 20:02:45,279 - scrapers.instagram.com    - INFO     - Found 12 new post URLs. Total unique URLs: 441
2025-06-24 20:02:48,389 - scrapers.instagram.com    - INFO     - Found 12 new post URLs. Total unique URLs: 453
2025-06-24 20:02:51,512 - scrapers.instagram.com    - INFO     - Found 12 new post URLs. Total unique URLs: 465
2025-06-24 20:02:54,631 - scrapers.instagram.com    - INFO     - Found 12 new post URLs. Total unique URLs: 477
2025-06-24 20:02:57,738 - scrapers.instagram.com    - INFO     - Found 12 new post URLs. Total unique URLs: 489
2025-06-24 20:03:00,846 - scrapers.instagram.com    - INFO     - Found 12 new post URLs. Total unique URLs: 501
2025-06-24 20:03:03,968 - scrapers.instagram.com    - INFO     - Found 11 new post URLs. Total unique URLs: 512
2025-06-24 20:03:07,087 - scrapers.instagram.com    - INFO     - Found 12 new post URLs. Total unique URLs: 524
2025-06-24 20:03:10,215 - scrapers.instagram.com    - INFO     - Found 12 new post URLs. Total unique URLs: 536
2025-06-24 20:03:13,330 - scrapers.instagram.com    - INFO     - Found 11 new post URLs. Total unique URLs: 547
2025-06-24 20:03:16,444 - scrapers.instagram.com    - INFO     - Found 12 new post URLs. Total unique URLs: 559
2025-06-24 20:03:19,575 - scrapers.instagram.com    - INFO     - Found 12 new post URLs. Total unique URLs: 571
2025-06-24 20:03:22,697 - scrapers.instagram.com    - INFO     - Found 12 new post URLs. Total unique URLs: 583
2025-06-24 20:03:25,816 - scrapers.instagram.com    - INFO     - Found 12 new post URLs. Total unique URLs: 595
2025-06-24 20:03:29,024 - scrapers.instagram.com    - INFO     - Found 12 new post URLs. Total unique URLs: 607
2025-06-24 20:03:32,142 - scrapers.instagram.com    - INFO     - Found 12 new post URLs. Total unique URLs: 619
2025-06-24 20:03:35,249 - scrapers.instagram.com    - INFO     - Found 11 new post URLs. Total unique URLs: 630
2025-06-24 20:03:38,253 - scrapers.instagram.com    - WARNING  - Reached max scroll attempts.
2025-06-24 20:03:38,254 - scrapers.instagram.com    - INFO     - Finished scrolling. Collected 630 unique post URLs.
2025-06-24 20:03:38,257 - scrapers.instagram.com    - INFO     - Saved collected URLs to logs\instagram_urls_csrelatedcompetitions.txt
2025-06-24 20:03:38,257 - scrapers.instagram.com    - INFO     - Scraping post: https://www.instagram.com/csrelatedcompetitions/p/C-2In76T4YH/
2025-06-24 20:03:40,057 - scrapers.instagram.com    - INFO     - Article element loaded.
2025-06-24 20:03:40,342 - scrapers.instagram.com    - INFO     - Found caption for https://www.instagram.com/csrelatedcompetitions/p/C-2In76T4YH/
2025-06-24 20:03:40,351 - scrapers.instagram.com    - INFO     - Found poster for https://www.instagram.com/csrelatedcompetitions/p/C-2In76T4YH/
2025-06-24 20:03:40,351 - scrapers.instagram.com    - INFO     - Scraping post: https://www.instagram.com/csrelatedcompetitions/p/C-4Kj9NzrkA/
2025-06-24 20:03:42,179 - scrapers.instagram.com    - INFO     - Article element loaded.
2025-06-24 20:03:42,418 - scrapers.instagram.com    - INFO     - Found caption for https://www.instagram.com/csrelatedcompetitions/p/C-4Kj9NzrkA/
2025-06-24 20:03:42,430 - scrapers.instagram.com    - INFO     - Found poster for https://www.instagram.com/csrelatedcompetitions/p/C-4Kj9NzrkA/
2025-06-24 20:03:42,431 - scrapers.instagram.com    - INFO     - Scraping post: https://www.instagram.com/csrelatedcompetitions/p/C-67F0Szjuq/
2025-06-24 20:03:43,960 - scrapers.instagram.com    - INFO     - Article element loaded.
2025-06-24 20:03:45,294 - scrapers.instagram.com    - INFO     - Found caption for https://www.instagram.com/csrelatedcompetitions/p/C-67F0Szjuq/
2025-06-24 20:03:45,302 - scrapers.instagram.com    - INFO     - Found poster for https://www.instagram.com/csrelatedcompetitions/p/C-67F0Szjuq/
2025-06-24 20:03:45,302 - scrapers.instagram.com    - INFO     - Scraping post: https://www.instagram.com/csrelatedcompetitions/p/C-DNUbbT6M3/
2025-06-24 20:03:46,933 - scrapers.instagram.com    - INFO     - Article element loaded.
2025-06-24 20:03:47,174 - scrapers.instagram.com    - INFO     - Found caption for https://www.instagram.com/csrelatedcompetitions/p/C-DNUbbT6M3/
2025-06-24 20:03:47,181 - scrapers.instagram.com    - INFO     - Found poster for https://www.instagram.com/csrelatedcompetitions/p/C-DNUbbT6M3/
2025-06-24 20:03:47,181 - scrapers.instagram.com    - INFO     - Scraping post: https://www.instagram.com/csrelatedcompetitions/p/C-DO-yvz1Zl/
2025-06-24 20:03:49,005 - scrapers.instagram.com    - INFO     - Article element loaded.
2025-06-24 20:03:49,233 - scrapers.instagram.com    - INFO     - Found caption for https://www.instagram.com/csrelatedcompetitions/p/C-DO-yvz1Zl/
2025-06-24 20:03:49,240 - scrapers.instagram.com    - INFO     - Found poster for https://www.instagram.com/csrelatedcompetitions/p/C-DO-yvz1Zl/
2025-06-24 20:03:49,240 - scrapers.instagram.com    - INFO     - Scraping finished.
2025-06-24 20:03:49,571 - infortic_scraper          - INFO     - Selesai scrape dari instagram.com, mendapatkan 5 kompetisi mentah.
2025-06-24 20:03:49,629 - infortic_scraper          - WARNING  - FINAL CHECK: Filtering competition 'Let's build the future together! 💡' due to missing one or more mandatory fields (registration_url, poster_url, deadline).
2025-06-24 20:03:49,630 - core.data_cleaner         - INFO     - Fallback: Using first non-social link from description: https://mage-its.id/competition/ui-ux
2025-06-24 20:03:49,630 - core.data_cleaner         - INFO     - Fallback: Found Instagram handle '@mage_its' and set 'Mage Its' as organizer for '👾A NEW CHALLENGE AWAITS👾'.
2025-06-24 20:03:49,633 - core.data_cleaner         - WARNING  - Dateparser tidak menemukan tanggal valid di: '[👾A NEW CHALLENGE AWAITS👾]

💻🎨🎮
Gear up and dive into MAGE X side competition featuring Competitive Programing , UI/UX , and E-Sports . Don't miss out on the fun and excitement! ✨️

UI/UX :
https://mage-its.id/competition/ui-ux

Competitive Programming :
https://mage-its.id/competition/competitive-programming

E-sports :
https://mage-its.id/competition/esport

Stay tuned to our social media platforms for more informations and the latest updates.
Instagram: @mage_its
Line: @rio5948f
Tiktok: @magex_its

#UIUX #Programming #esport #valorant #mobilelegend #ITSSURABAYA #TEKKOMITS #MAGEX'
2025-06-24 20:03:49,634 - infortic_scraper          - WARNING  - FINAL CHECK: Filtering competition '👾A NEW CHALLENGE AWAITS👾' due to missing one or more mandatory fields (registration_url, poster_url, deadline).
2025-06-24 20:03:49,647 - infortic_scraper          - WARNING  - Melewatkan kompetisi 'IIT Competition 2024 menghadirkan berbagai lomba seru:' karena sudah kedaluwarsa.
2025-06-24 20:03:49,647 - core.data_cleaner         - INFO     - Fallback: Found Instagram handle '@cpsc_ipb' and set 'Cpsc Ipb' as organizer for 'CPSC 2024 PRE-REGISTRATION IS NOW OPEN‼️'.
2025-06-24 20:03:49,667 - infortic_scraper          - WARNING  - Melewatkan kompetisi 'CPSC 2024 PRE-REGISTRATION IS NOW OPEN‼️' karena sudah kedaluwarsa.
2025-06-24 20:03:49,668 - core.data_cleaner         - INFO     - Fallback: Using first non-social link from description: https://tlx.toki.id/contests/troc-37
2025-06-24 20:03:49,671 - core.data_cleaner         - WARNING  - Dateparser tidak menemukan tanggal valid di: 'Admin notes:
Silakan kunjungi https://tlx.toki.id/contests/troc-37 untuk informasi lebih lanjut'
2025-06-24 20:03:49,672 - core.data_cleaner         - WARNING  - Tidak ada kategori yang dapat ditetapkan untuk acara: 'Silakan kunjungi https://tlx.toki.id/contests/troc-37 untuk informasi lebih lanjut'
2025-06-24 20:03:49,672 - infortic_scraper          - WARNING  - FINAL CHECK: Filtering competition 'Silakan kunjungi https://tlx.toki.id/contests/troc-37 untuk informasi lebih lanjut' due to missing one or more mandatory fields (registration_url, poster_url, deadline).
2025-06-24 20:03:49,672 - infortic_scraper          - WARNING  - Tidak ada kompetisi baru yang berhasil di-scrape dan divalidasi dari semua sumber.
2025-06-24 20:03:49,672 - infortic_scraper          - INFO     - Proses scraping selesai.
2025-06-24 20:03:49,672 - infortic_scraper          - INFO     - --- Ringkasan Hasil Scraping ---
2025-06-24 20:03:49,672 - infortic_scraper          - INFO     - instagram.com: 5 acara
2025-06-24 20:03:49,672 - infortic_scraper          - INFO     - --------------------------------
