2025-06-24 16:25:21,257 - root                      - INFO     - Debug log will be saved to logs\scrape_debug_2025-06-24_16-25-21.log
2025-06-24 16:25:23,241 - infortic_scraper          - INFO     - Memulai proses scraping... (Mode Debug: True)
2025-06-24 16:25:23,654 - infortic_scraper          - INFO     - Memulai tahap pembersihan data kompetisi kedaluwarsa di database...
2025-06-24 16:25:23,654 - core.database             - INFO     - Menghapus kompetisi yang sudah kedaluwarsa dari database...
2025-06-24 16:25:24,417 - httpx                     - INFO     - HTTP Request: DELETE https://jnqozfvnkhaxjfbfjyye.supabase.co/rest/v1/competitions?deadline=lt.2025-06-24T16%3A25%3A23.954748 "HTTP/2 200 OK"
2025-06-24 16:25:24,422 - core.database             - INFO     - Tidak ada kompetisi kedaluwarsa yang perlu dihapus.
2025-06-24 16:25:24,422 - infortic_scraper          - INFO     - Tahap pembersihan selesai.
2025-06-24 16:25:24,422 - core.database             - INFO     - Mengambil daftar kategori dari Supabase...
2025-06-24 16:25:24,494 - httpx                     - INFO     - HTTP Request: GET https://jnqozfvnkhaxjfbfjyye.supabase.co/rest/v1/categories?select=id%2Cname%2Cslug "HTTP/2 200 OK"
2025-06-24 16:25:24,494 - core.database             - INFO     - Berhasil mengambil 16 kategori.
2025-06-24 16:25:24,494 - infortic_scraper          - INFO     - Memulai proses untuk sumber: instagram.com
2025-06-24 16:25:24,495 - core.database             - INFO     - Memanggil fungsi RPC 'get_or_create_source_id' untuk sumber: instagram.com
2025-06-24 16:25:24,565 - httpx                     - INFO     - HTTP Request: POST https://jnqozfvnkhaxjfbfjyye.supabase.co/rest/v1/rpc/get_or_create_source_id "HTTP/2 200 OK"
2025-06-24 16:25:24,567 - core.database             - INFO     - Berhasil mendapatkan source_id: 6fbad0b8-c4c4-425e-bace-28f3d8e52a04
2025-06-24 16:25:24,567 - scrapers.instagram.com    - INFO     - Scraper for instagram.com initialized (Debug: True).
2025-06-24 16:25:24,567 - scrapers.instagram.com    - INFO     - Starting Instagram scrape with Playwright.
2025-06-24 16:25:26,745 - scrapers.instagram.com    - INFO     - Logging in to Instagram...
2025-06-24 16:25:31,620 - scrapers.instagram.com    - INFO     - Waiting for main page to load after login...
2025-06-24 16:25:37,033 - scrapers.instagram.com    - INFO     - Login successful, main page loaded.
2025-06-24 16:25:37,034 - scrapers.instagram.com    - INFO     - Pop-up check iteration 1/3...
2025-06-24 16:25:37,433 - scrapers.instagram.com    - INFO     - No more pop-ups detected in this iteration.
2025-06-24 16:25:37,433 - scrapers.instagram.com    - INFO     - Finished handling post-login pop-ups.
2025-06-24 16:25:37,433 - scrapers.instagram.com    - INFO     - Navigating to instagram's profile.
2025-06-24 16:25:38,376 - scrapers.instagram.com    - INFO     - Waiting for profile header to load...
2025-06-24 16:25:38,922 - scrapers.instagram.com    - INFO     - Profile header loaded.
2025-06-24 16:25:38,922 - scrapers.instagram.com    - INFO     - Performing a gentle scroll to encourage post grid to load...
2025-06-24 16:25:42,991 - scrapers.instagram.com    - INFO     - Checking for post grid to determine if account is public...
2025-06-24 16:26:03,015 - scrapers.instagram.com    - WARNING  - Could not find post grid for 'instagram'. The account is likely private or restricted. Error: Page.wait_for_selector: Timeout 20000ms exceeded.
Call log:
  - waiting for locator("a[href^='/p/']") to be visible

2025-06-24 16:26:03,301 - scrapers.instagram.com    - INFO     - Saved main element HTML to logs\instagram_profile_failed_instagram_main.html
2025-06-24 16:26:03,301 - scrapers.instagram.com    - INFO     - Saved screenshot to logs\instagram_profile_failed_instagram.png
2025-06-24 16:26:03,301 - scrapers.instagram.com    - INFO     - Saved HTML to logs\instagram_profile_failed_instagram.html
2025-06-24 16:26:03,642 - infortic_scraper          - INFO     - Selesai scrape dari instagram.com, mendapatkan 0 kompetisi mentah.
2025-06-24 16:26:03,642 - infortic_scraper          - WARNING  - Tidak ada kompetisi baru yang berhasil di-scrape dan divalidasi dari semua sumber.
2025-06-24 16:26:03,642 - infortic_scraper          - INFO     - Proses scraping selesai.
2025-06-24 16:26:03,642 - infortic_scraper          - INFO     - --- Ringkasan Hasil Scraping ---
2025-06-24 16:26:03,642 - infortic_scraper          - INFO     - instagram.com: 0 acara
2025-06-24 16:26:03,642 - infortic_scraper          - INFO     - --------------------------------
