2025-06-24 15:43:30,749 - root                      - INFO     - Debug log will be saved to logs\scrape_debug_2025-06-24_15-43-30.log
2025-06-24 15:43:32,300 - infortic_scraper          - INFO     - Memulai proses scraping... (Mode Debug: True)
2025-06-24 15:43:33,100 - infortic_scraper          - INFO     - Memulai tahap pembersihan data kompetisi kedaluwarsa di database...
2025-06-24 15:43:33,100 - core.database             - INFO     - Menghapus kompetisi yang sudah kedaluwarsa dari database...
2025-06-24 15:43:34,429 - httpx                     - INFO     - HTTP Request: DELETE https://jnqozfvnkhaxjfbfjyye.supabase.co/rest/v1/competitions?deadline=lt.2025-06-24T15%3A43%3A33.864435 "HTTP/2 200 OK"
2025-06-24 15:43:34,448 - core.database             - INFO     - Tidak ada kompetisi kedaluwarsa yang perlu dihapus.
2025-06-24 15:43:34,448 - infortic_scraper          - INFO     - Tahap pembersihan selesai.
2025-06-24 15:43:34,448 - core.database             - INFO     - Mengambil daftar kategori dari Supabase...
2025-06-24 15:43:34,514 - httpx                     - INFO     - HTTP Request: GET https://jnqozfvnkhaxjfbfjyye.supabase.co/rest/v1/categories?select=id%2Cname%2Cslug "HTTP/2 200 OK"
2025-06-24 15:43:34,516 - core.database             - INFO     - Berhasil mengambil 16 kategori.
2025-06-24 15:43:34,517 - infortic_scraper          - INFO     - Memulai proses untuk sumber: instagram.com
2025-06-24 15:43:34,517 - core.database             - INFO     - Memanggil fungsi RPC 'get_or_create_source_id' untuk sumber: instagram.com
2025-06-24 15:43:34,580 - httpx                     - INFO     - HTTP Request: POST https://jnqozfvnkhaxjfbfjyye.supabase.co/rest/v1/rpc/get_or_create_source_id "HTTP/2 200 OK"
2025-06-24 15:43:34,590 - core.database             - INFO     - Berhasil mendapatkan source_id: 6fbad0b8-c4c4-425e-bace-28f3d8e52a04
2025-06-24 15:43:34,591 - scrapers.instagram.com    - INFO     - Scraper for instagram.com initialized (Debug: True).
2025-06-24 15:43:34,591 - scrapers.instagram.com    - INFO     - Starting Instagram scrape with Playwright.
2025-06-24 15:43:39,713 - scrapers.instagram.com    - INFO     - Logging in to Instagram...
2025-06-24 15:43:46,884 - scrapers.instagram.com    - INFO     - Waiting for main page to load after login...
2025-06-24 15:43:52,789 - scrapers.instagram.com    - INFO     - Login successful, main page loaded.
2025-06-24 15:43:52,790 - scrapers.instagram.com    - INFO     - Checking for 'Save your login info' pop-up...
2025-06-24 15:43:59,825 - scrapers.instagram.com    - INFO     - 'Save your login info' pop-up not found or failed to click. Continuing...
2025-06-24 15:43:59,826 - scrapers.instagram.com    - INFO     - Checking for 'Turn on Notifications' pop-up...
2025-06-24 15:44:06,843 - scrapers.instagram.com    - INFO     - 'Turn on Notifications' pop-up not found or failed to click. Continuing...
2025-06-24 15:44:06,843 - scrapers.instagram.com    - INFO     - Navigating to csrelatedcompetitions's profile.
2025-06-24 15:44:08,496 - scrapers.instagram.com    - INFO     - Waiting for profile header to load...
2025-06-24 15:44:12,177 - scrapers.instagram.com    - INFO     - Profile header loaded.
2025-06-24 15:44:12,532 - scrapers.instagram.com    - INFO     - Waiting for 'Posts' tab to be visible...
2025-06-24 15:44:27,556 - scrapers.instagram.com    - ERROR    - Failed to load profile page for csrelatedcompetitions. Post grid not found or timed out.
2025-06-24 15:44:28,249 - scrapers.instagram.com    - INFO     - Saved main element HTML to logs\instagram_profile_failed_csrelatedcompetitions_main.html
2025-06-24 15:44:28,250 - scrapers.instagram.com    - INFO     - Saved screenshot to logs\instagram_profile_failed_csrelatedcompetitions.png
2025-06-24 15:44:28,250 - scrapers.instagram.com    - INFO     - Saved HTML to logs\instagram_profile_failed_csrelatedcompetitions.html
2025-06-24 15:44:29,465 - infortic_scraper          - INFO     - Selesai scrape dari instagram.com, mendapatkan 0 kompetisi mentah.
2025-06-24 15:44:29,465 - infortic_scraper          - WARNING  - Tidak ada kompetisi baru yang berhasil di-scrape dan divalidasi dari semua sumber.
2025-06-24 15:44:29,466 - infortic_scraper          - INFO     - Proses scraping selesai.
2025-06-24 15:44:29,466 - infortic_scraper          - INFO     - --- Ringkasan Hasil Scraping ---
2025-06-24 15:44:29,466 - infortic_scraper          - INFO     - instagram.com: 0 acara
2025-06-24 15:44:29,466 - infortic_scraper          - INFO     - --------------------------------
