2025-06-24 20:10:14,385 - root                      - INFO     - Debug log will be saved to logs\scrape_debug_2025-06-24_20-10-14.log
2025-06-24 20:10:15,648 - infortic_scraper          - INFO     - Memulai proses scraping... (Mode Debug: True)
2025-06-24 20:10:16,128 - infortic_scraper          - INFO     - Memulai tahap pembersihan data kompetisi kedaluwarsa di database...
2025-06-24 20:10:16,128 - core.database             - INFO     - Menghapus kompetisi yang sudah kedaluwarsa dari database...
2025-06-24 20:10:16,996 - httpx                     - INFO     - HTTP Request: DELETE https://jnqozfvnkhaxjfbfjyye.supabase.co/rest/v1/competitions?deadline=lt.2025-06-24T20%3A10%3A16.400354 "HTTP/2 200 OK"
2025-06-24 20:10:17,004 - core.database             - INFO     - Tidak ada kompetisi kedaluwarsa yang perlu dihapus.
2025-06-24 20:10:17,004 - infortic_scraper          - INFO     - Tahap pembersihan selesai.
2025-06-24 20:10:17,004 - core.database             - INFO     - Mengambil daftar kategori dari Supabase...
2025-06-24 20:10:17,071 - httpx                     - INFO     - HTTP Request: GET https://jnqozfvnkhaxjfbfjyye.supabase.co/rest/v1/categories?select=id%2Cname%2Cslug "HTTP/2 200 OK"
2025-06-24 20:10:17,071 - core.database             - INFO     - Berhasil mengambil 16 kategori.
2025-06-24 20:10:17,071 - infortic_scraper          - INFO     - Memulai proses untuk sumber: instagram.com
2025-06-24 20:10:17,071 - core.database             - INFO     - Memanggil fungsi RPC 'get_or_create_source_id' untuk sumber: instagram.com
2025-06-24 20:10:17,141 - httpx                     - INFO     - HTTP Request: POST https://jnqozfvnkhaxjfbfjyye.supabase.co/rest/v1/rpc/get_or_create_source_id "HTTP/2 200 OK"
2025-06-24 20:10:17,147 - core.database             - INFO     - Berhasil mendapatkan source_id: 6fbad0b8-c4c4-425e-bace-28f3d8e52a04
2025-06-24 20:10:17,147 - scrapers.instagram.com    - INFO     - Scraper for instagram.com initialized (Debug: True).
2025-06-24 20:10:17,147 - scrapers.instagram.com    - INFO     - Starting Instagram scrape with Playwright.
2025-06-24 20:10:18,725 - scrapers.instagram.com    - INFO     - Navigating to csrelatedcompetitions's profile.
2025-06-24 20:10:19,783 - scrapers.instagram.com    - INFO     - Waiting for profile header to load...
2025-06-24 20:10:20,763 - scrapers.instagram.com    - INFO     - Profile header loaded.
2025-06-24 20:10:20,763 - scrapers.instagram.com    - INFO     - Scrolling down to trigger post loading...
2025-06-24 20:10:20,825 - scrapers.instagram.com    - INFO     - Scroll attempt 1/3, waiting for content...
2025-06-24 20:10:23,854 - scrapers.instagram.com    - INFO     - Scroll attempt 2/3, waiting for content...
2025-06-24 20:10:26,902 - scrapers.instagram.com    - INFO     - Scroll attempt 3/3, waiting for content...
2025-06-24 20:10:30,055 - scrapers.instagram.com    - INFO     - Post grid found with BeautifulSoup. Found 36 initial posts. Proceeding with scrape.
2025-06-24 20:10:30,055 - scrapers.instagram.com    - INFO     - Scrolling to load all posts and collecting URLs with BeautifulSoup...
2025-06-24 20:10:30,176 - scrapers.instagram.com    - INFO     - Found 36 new post URLs. Total unique URLs: 36
2025-06-24 20:10:33,306 - scrapers.instagram.com    - INFO     - Found 12 new post URLs. Total unique URLs: 48
2025-06-24 20:10:36,437 - scrapers.instagram.com    - INFO     - Found 12 new post URLs. Total unique URLs: 60
2025-06-24 20:10:39,557 - scrapers.instagram.com    - INFO     - Found 12 new post URLs. Total unique URLs: 72
2025-06-24 20:10:42,678 - scrapers.instagram.com    - INFO     - Found 12 new post URLs. Total unique URLs: 84
2025-06-24 20:10:45,793 - scrapers.instagram.com    - INFO     - Found 12 new post URLs. Total unique URLs: 96
2025-06-24 20:10:48,926 - scrapers.instagram.com    - INFO     - Found 12 new post URLs. Total unique URLs: 108
2025-06-24 20:10:52,150 - scrapers.instagram.com    - INFO     - Found 12 new post URLs. Total unique URLs: 120
2025-06-24 20:10:55,265 - scrapers.instagram.com    - INFO     - Found 12 new post URLs. Total unique URLs: 132
2025-06-24 20:10:58,375 - scrapers.instagram.com    - INFO     - Found 12 new post URLs. Total unique URLs: 144
2025-06-24 20:11:01,498 - scrapers.instagram.com    - INFO     - Found 12 new post URLs. Total unique URLs: 156
2025-06-24 20:11:04,639 - scrapers.instagram.com    - INFO     - Found 12 new post URLs. Total unique URLs: 168
2025-06-24 20:11:07,750 - scrapers.instagram.com    - INFO     - Found 12 new post URLs. Total unique URLs: 180
2025-06-24 20:11:10,888 - scrapers.instagram.com    - INFO     - Found 12 new post URLs. Total unique URLs: 192
2025-06-24 20:11:14,007 - scrapers.instagram.com    - INFO     - Found 12 new post URLs. Total unique URLs: 204
2025-06-24 20:11:17,130 - scrapers.instagram.com    - INFO     - Found 12 new post URLs. Total unique URLs: 216
2025-06-24 20:11:20,236 - scrapers.instagram.com    - INFO     - Found 12 new post URLs. Total unique URLs: 228
2025-06-24 20:11:23,347 - scrapers.instagram.com    - INFO     - Found 12 new post URLs. Total unique URLs: 240
2025-06-24 20:11:26,466 - scrapers.instagram.com    - INFO     - Found 12 new post URLs. Total unique URLs: 252
2025-06-24 20:11:29,578 - scrapers.instagram.com    - INFO     - Found 12 new post URLs. Total unique URLs: 264
2025-06-24 20:11:32,686 - scrapers.instagram.com    - INFO     - Found 12 new post URLs. Total unique URLs: 276
2025-06-24 20:11:35,804 - scrapers.instagram.com    - INFO     - Found 12 new post URLs. Total unique URLs: 288
2025-06-24 20:11:38,916 - scrapers.instagram.com    - INFO     - Found 12 new post URLs. Total unique URLs: 300
2025-06-24 20:11:42,030 - scrapers.instagram.com    - INFO     - Found 12 new post URLs. Total unique URLs: 312
2025-06-24 20:11:45,138 - scrapers.instagram.com    - INFO     - Found 12 new post URLs. Total unique URLs: 324
2025-06-24 20:11:48,253 - scrapers.instagram.com    - INFO     - Found 12 new post URLs. Total unique URLs: 336
2025-06-24 20:11:51,367 - scrapers.instagram.com    - INFO     - Found 12 new post URLs. Total unique URLs: 348
2025-06-24 20:11:54,484 - scrapers.instagram.com    - INFO     - Found 12 new post URLs. Total unique URLs: 360
2025-06-24 20:11:57,606 - scrapers.instagram.com    - INFO     - Found 12 new post URLs. Total unique URLs: 372
2025-06-24 20:12:00,720 - scrapers.instagram.com    - INFO     - Found 12 new post URLs. Total unique URLs: 384
2025-06-24 20:12:03,848 - scrapers.instagram.com    - INFO     - Found 12 new post URLs. Total unique URLs: 396
2025-06-24 20:12:06,988 - scrapers.instagram.com    - INFO     - Found 12 new post URLs. Total unique URLs: 408
2025-06-24 20:12:10,105 - scrapers.instagram.com    - INFO     - Found 12 new post URLs. Total unique URLs: 420
2025-06-24 20:12:13,220 - scrapers.instagram.com    - INFO     - Found 12 new post URLs. Total unique URLs: 432
2025-06-24 20:12:16,327 - scrapers.instagram.com    - INFO     - Found 12 new post URLs. Total unique URLs: 444
2025-06-24 20:12:19,449 - scrapers.instagram.com    - INFO     - Found 12 new post URLs. Total unique URLs: 456
2025-06-24 20:12:22,568 - scrapers.instagram.com    - INFO     - Found 12 new post URLs. Total unique URLs: 468
2025-06-24 20:12:25,678 - scrapers.instagram.com    - INFO     - Found 12 new post URLs. Total unique URLs: 480
2025-06-24 20:12:28,790 - scrapers.instagram.com    - INFO     - Found 12 new post URLs. Total unique URLs: 492
2025-06-24 20:12:31,912 - scrapers.instagram.com    - INFO     - Found 12 new post URLs. Total unique URLs: 504
2025-06-24 20:12:35,016 - scrapers.instagram.com    - INFO     - Found 11 new post URLs. Total unique URLs: 515
2025-06-24 20:12:38,135 - scrapers.instagram.com    - INFO     - Found 12 new post URLs. Total unique URLs: 527
2025-06-24 20:12:41,280 - scrapers.instagram.com    - INFO     - Found 12 new post URLs. Total unique URLs: 539
2025-06-24 20:12:44,422 - scrapers.instagram.com    - INFO     - Found 11 new post URLs. Total unique URLs: 550
2025-06-24 20:12:47,534 - scrapers.instagram.com    - INFO     - Found 12 new post URLs. Total unique URLs: 562
2025-06-24 20:12:50,669 - scrapers.instagram.com    - INFO     - Found 12 new post URLs. Total unique URLs: 574
2025-06-24 20:12:53,793 - scrapers.instagram.com    - INFO     - Found 12 new post URLs. Total unique URLs: 586
2025-06-24 20:12:56,999 - scrapers.instagram.com    - INFO     - Found 12 new post URLs. Total unique URLs: 598
2025-06-24 20:13:00,121 - scrapers.instagram.com    - INFO     - Found 12 new post URLs. Total unique URLs: 610
2025-06-24 20:13:03,238 - scrapers.instagram.com    - INFO     - Found 12 new post URLs. Total unique URLs: 622
2025-06-24 20:13:06,243 - scrapers.instagram.com    - WARNING  - Reached max scroll attempts.
2025-06-24 20:13:06,243 - scrapers.instagram.com    - INFO     - Finished scrolling. Collected 622 unique post URLs.
2025-06-24 20:13:06,244 - scrapers.instagram.com    - INFO     - Saved collected URLs to logs\instagram_urls_csrelatedcompetitions.txt
2025-06-24 20:13:06,245 - scrapers.instagram.com    - INFO     - Scraping post: https://www.instagram.com/csrelatedcompetitions/p/C-2In76T4YH/
2025-06-24 20:13:08,458 - scrapers.instagram.com    - INFO     - Article element loaded.
2025-06-24 20:13:08,872 - scrapers.instagram.com    - INFO     - Found caption for https://www.instagram.com/csrelatedcompetitions/p/C-2In76T4YH/
2025-06-24 20:13:08,883 - scrapers.instagram.com    - INFO     - Found poster for https://www.instagram.com/csrelatedcompetitions/p/C-2In76T4YH/
2025-06-24 20:13:08,977 - scrapers.instagram.com    - INFO     - Found post timestamp for https://www.instagram.com/csrelatedcompetitions/p/C-2In76T4YH/: 2024-08-19 09:06:15+00:00
2025-06-24 20:13:08,977 - scrapers.instagram.com    - INFO     - Scraping post: https://www.instagram.com/csrelatedcompetitions/p/C-4Kj9NzrkA/
2025-06-24 20:13:10,216 - scrapers.instagram.com    - INFO     - Article element loaded.
2025-06-24 20:13:10,483 - scrapers.instagram.com    - INFO     - Found caption for https://www.instagram.com/csrelatedcompetitions/p/C-4Kj9NzrkA/
2025-06-24 20:13:10,492 - scrapers.instagram.com    - INFO     - Found poster for https://www.instagram.com/csrelatedcompetitions/p/C-4Kj9NzrkA/
2025-06-24 20:13:10,503 - scrapers.instagram.com    - INFO     - Found post timestamp for https://www.instagram.com/csrelatedcompetitions/p/C-4Kj9NzrkA/: 2024-08-20 04:01:40+00:00
2025-06-24 20:13:10,503 - scrapers.instagram.com    - INFO     - Scraping post: https://www.instagram.com/csrelatedcompetitions/p/C-67F0Szjuq/
2025-06-24 20:13:12,118 - scrapers.instagram.com    - INFO     - Article element loaded.
2025-06-24 20:13:12,971 - scrapers.instagram.com    - INFO     - Found caption for https://www.instagram.com/csrelatedcompetitions/p/C-67F0Szjuq/
2025-06-24 20:13:12,984 - scrapers.instagram.com    - INFO     - Found poster for https://www.instagram.com/csrelatedcompetitions/p/C-67F0Szjuq/
2025-06-24 20:13:12,997 - scrapers.instagram.com    - INFO     - Found post timestamp for https://www.instagram.com/csrelatedcompetitions/p/C-67F0Szjuq/: 2024-08-21 05:44:12+00:00
2025-06-24 20:13:12,997 - scrapers.instagram.com    - INFO     - Scraping post: https://www.instagram.com/csrelatedcompetitions/p/C-DNUbbT6M3/
2025-06-24 20:13:14,276 - scrapers.instagram.com    - INFO     - Article element loaded.
2025-06-24 20:13:15,127 - scrapers.instagram.com    - INFO     - Found caption for https://www.instagram.com/csrelatedcompetitions/p/C-DNUbbT6M3/
2025-06-24 20:13:15,141 - scrapers.instagram.com    - INFO     - Found poster for https://www.instagram.com/csrelatedcompetitions/p/C-DNUbbT6M3/
2025-06-24 20:13:15,152 - scrapers.instagram.com    - INFO     - Found post timestamp for https://www.instagram.com/csrelatedcompetitions/p/C-DNUbbT6M3/: 2024-07-30 14:26:01+00:00
2025-06-24 20:13:15,153 - scrapers.instagram.com    - INFO     - Scraping post: https://www.instagram.com/csrelatedcompetitions/p/C-DO-yvz1Zl/
2025-06-24 20:13:16,819 - scrapers.instagram.com    - INFO     - Article element loaded.
2025-06-24 20:13:16,834 - scrapers.instagram.com    - INFO     - Found caption for https://www.instagram.com/csrelatedcompetitions/p/C-DO-yvz1Zl/
2025-06-24 20:13:16,842 - scrapers.instagram.com    - INFO     - Found poster for https://www.instagram.com/csrelatedcompetitions/p/C-DO-yvz1Zl/
2025-06-24 20:13:16,853 - scrapers.instagram.com    - INFO     - Found post timestamp for https://www.instagram.com/csrelatedcompetitions/p/C-DO-yvz1Zl/: 2024-07-30 14:40:32+00:00
2025-06-24 20:13:16,853 - scrapers.instagram.com    - INFO     - Scraping finished.
2025-06-24 20:13:17,264 - infortic_scraper          - INFO     - Selesai scrape dari instagram.com, mendapatkan 5 kompetisi mentah.
2025-06-24 20:13:17,288 - infortic_scraper          - WARNING  - FINAL CHECK: Filtering competition 'Let's build the future together! 💡' due to missing one or more mandatory fields (registration_url, poster_url, deadline/event_date_start).
2025-06-24 20:13:17,290 - core.data_cleaner         - INFO     - Fallback: Using first non-social link from description: https://mage-its.id/competition/ui-ux
2025-06-24 20:13:17,290 - core.data_cleaner         - INFO     - Fallback: Found Instagram handle '@mage_its' and set 'Mage Its' as organizer for '👾A NEW CHALLENGE AWAITS👾'.
2025-06-24 20:13:17,293 - core.data_cleaner         - WARNING  - Dateparser tidak menemukan tanggal valid di: '[👾A NEW CHALLENGE AWAITS👾]

💻🎨🎮
Gear up and dive into MAGE X side competition featuring Competitive Programing , UI/UX , and E-Sports . Don't miss out on the fun and excitement! ✨️

UI/UX :
https://mage-its.id/competition/ui-ux

Competitive Programming :
https://mage-its.id/competition/competitive-programming

E-sports :
https://mage-its.id/competition/esport

Stay tuned to our social media platforms for more informations and the latest updates.
Instagram: @mage_its
Line: @rio5948f
Tiktok: @magex_its

#UIUX #Programming #esport #valorant #mobilelegend #ITSSURABAYA #TEKKOMITS #MAGEX'
2025-06-24 20:13:17,307 - infortic_scraper          - WARNING  - Melewatkan kompetisi 'IIT Competition 2024 menghadirkan berbagai lomba seru:' karena sudah kedaluwarsa.
2025-06-24 20:13:17,307 - core.data_cleaner         - INFO     - Fallback: Found Instagram handle '@cpsc_ipb' and set 'Cpsc Ipb' as organizer for 'CPSC 2024 PRE-REGISTRATION IS NOW OPEN‼️'.
2025-06-24 20:13:17,321 - infortic_scraper          - WARNING  - Melewatkan kompetisi 'CPSC 2024 PRE-REGISTRATION IS NOW OPEN‼️' karena sudah kedaluwarsa.
2025-06-24 20:13:17,322 - core.data_cleaner         - INFO     - Fallback: Using first non-social link from description: https://tlx.toki.id/contests/troc-37
2025-06-24 20:13:17,323 - core.data_cleaner         - WARNING  - Dateparser tidak menemukan tanggal valid di: 'Admin notes:
Silakan kunjungi https://tlx.toki.id/contests/troc-37 untuk informasi lebih lanjut'
2025-06-24 20:13:17,324 - core.data_cleaner         - WARNING  - Tidak ada kategori yang dapat ditetapkan untuk acara: 'Silakan kunjungi https://tlx.toki.id/contests/troc-37 untuk informasi lebih lanjut'
2025-06-24 20:13:17,324 - infortic_scraper          - INFO     - Menambahkan 2 kompetisi yang valid dari instagram.com untuk disimpan.
2025-06-24 20:13:17,325 - infortic_scraper          - INFO     - Log scraping telah disimpan di: logs\scrape_log_2025-06-24_20-13-17.json
2025-06-24 20:13:17,325 - infortic_scraper          - INFO     - Saving 2 validated competitions to the database...
2025-06-24 20:13:17,325 - core.database             - INFO     - Mencoba menyimpan/memperbarui 2 kompetisi ke Supabase melalui RPC...
2025-06-24 20:13:17,836 - httpx                     - INFO     - HTTP Request: POST https://jnqozfvnkhaxjfbfjyye.supabase.co/rest/v1/rpc/upsert_competition_with_categories "HTTP/2 400 Bad Request"
2025-06-24 20:13:17,840 - core.database             - ERROR    - DATABASE ERROR saat RPC call untuk kompetisi '👾A NEW CHALLENGE AWAITS👾': null value in column "deadline" of relation "competitions" violates not-null constraint
2025-06-24 20:13:17,908 - httpx                     - INFO     - HTTP Request: POST https://jnqozfvnkhaxjfbfjyye.supabase.co/rest/v1/rpc/upsert_competition_with_categories "HTTP/2 400 Bad Request"
2025-06-24 20:13:17,908 - core.database             - ERROR    - DATABASE ERROR saat RPC call untuk kompetisi 'Silakan kunjungi https://tlx.toki.id/contests/troc-37 untuk informasi lebih lanjut': null value in column "deadline" of relation "competitions" violates not-null constraint
2025-06-24 20:13:17,908 - core.database             - INFO     - Proses penyimpanan selesai. Berhasil: 0, Gagal: 2
2025-06-24 20:13:17,908 - infortic_scraper          - INFO     - Proses scraping selesai.
2025-06-24 20:13:17,908 - infortic_scraper          - INFO     - --- Ringkasan Hasil Scraping ---
2025-06-24 20:13:17,909 - infortic_scraper          - INFO     - instagram.com: 5 acara
2025-06-24 20:13:17,909 - infortic_scraper          - INFO     - --------------------------------
