2025-06-24 15:28:21,589 - root                      - INFO     - Debug log will be saved to logs\scrape_debug_2025-06-24_15-28-21.log
2025-06-24 15:28:23,631 - infortic_scraper          - INFO     - Memulai proses scraping... (Mode Debug: True)
2025-06-24 15:28:24,268 - infortic_scraper          - INFO     - Memulai tahap pembersihan data kompetisi kedaluwarsa di database...
2025-06-24 15:28:24,268 - core.database             - INFO     - Menghapus kompetisi yang sudah kedaluwarsa dari database...
2025-06-24 15:28:25,004 - httpx                     - INFO     - HTTP Request: DELETE https://jnqozfvnkhaxjfbfjyye.supabase.co/rest/v1/competitions?deadline=lt.2025-06-24T15%3A28%3A24.553309 "HTTP/2 200 OK"
2025-06-24 15:28:25,013 - core.database             - INFO     - Tidak ada kompetisi kedaluwarsa yang perlu dihapus.
2025-06-24 15:28:25,013 - infortic_scraper          - INFO     - Tahap pembersihan selesai.
2025-06-24 15:28:25,013 - core.database             - INFO     - Mengambil daftar kategori dari Supabase...
2025-06-24 15:28:25,075 - httpx                     - INFO     - HTTP Request: GET https://jnqozfvnkhaxjfbfjyye.supabase.co/rest/v1/categories?select=id%2Cname%2Cslug "HTTP/2 200 OK"
2025-06-24 15:28:25,076 - core.database             - INFO     - Berhasil mengambil 16 kategori.
2025-06-24 15:28:25,076 - infortic_scraper          - INFO     - Memulai proses untuk sumber: instagram.com
2025-06-24 15:28:25,076 - core.database             - INFO     - Memanggil fungsi RPC 'get_or_create_source_id' untuk sumber: instagram.com
2025-06-24 15:28:25,136 - httpx                     - INFO     - HTTP Request: POST https://jnqozfvnkhaxjfbfjyye.supabase.co/rest/v1/rpc/get_or_create_source_id "HTTP/2 200 OK"
2025-06-24 15:28:25,138 - core.database             - INFO     - Berhasil mendapatkan source_id: 6fbad0b8-c4c4-425e-bace-28f3d8e52a04
2025-06-24 15:28:25,138 - scrapers.instagram.com    - INFO     - Scraper for instagram.com initialized (Debug: True).
2025-06-24 15:28:25,138 - scrapers.instagram.com    - INFO     - Starting Instagram scrape with Playwright.
2025-06-24 15:28:26,753 - scrapers.instagram.com    - INFO     - Logging in to Instagram...
2025-06-24 15:28:36,103 - scrapers.instagram.com    - INFO     - Login successful, main page loaded.
2025-06-24 15:28:36,159 - scrapers.instagram.com    - INFO     - Navigating to csrelatedcompetitions's profile.
2025-06-24 15:28:37,136 - scrapers.instagram.com    - INFO     - Waiting for profile header to load...
2025-06-24 15:28:38,152 - scrapers.instagram.com    - INFO     - Profile header loaded.
2025-06-24 15:28:38,153 - scrapers.instagram.com    - INFO     - Waiting for 'Posts' tab to be visible...
2025-06-24 15:28:53,171 - scrapers.instagram.com    - ERROR    - Failed to load profile page for csrelatedcompetitions. Post grid not found or timed out.
2025-06-24 15:28:53,391 - scrapers.instagram.com    - INFO     - Saved main element HTML to logs\instagram_profile_failed_csrelatedcompetitions_main.html
2025-06-24 15:28:53,391 - scrapers.instagram.com    - INFO     - Saved screenshot to logs\instagram_profile_failed_csrelatedcompetitions.png
2025-06-24 15:28:53,391 - scrapers.instagram.com    - INFO     - Saved HTML to logs\instagram_profile_failed_csrelatedcompetitions.html
2025-06-24 15:28:53,743 - infortic_scraper          - INFO     - Selesai scrape dari instagram.com, mendapatkan 0 kompetisi mentah.
2025-06-24 15:28:53,744 - infortic_scraper          - WARNING  - Tidak ada kompetisi baru yang berhasil di-scrape dan divalidasi dari semua sumber.
2025-06-24 15:28:53,744 - infortic_scraper          - INFO     - Proses scraping selesai.
2025-06-24 15:28:53,744 - infortic_scraper          - INFO     - --- Ringkasan Hasil Scraping ---
2025-06-24 15:28:53,744 - infortic_scraper          - INFO     - instagram.com: 0 acara
2025-06-24 15:28:53,744 - infortic_scraper          - INFO     - --------------------------------
