2025-06-24 19:49:04,969 - root                      - INFO     - Debug log will be saved to logs\scrape_debug_2025-06-24_19-49-04.log
2025-06-24 19:49:07,065 - infortic_scraper          - INFO     - Memulai proses scraping... (Mode Debug: True)
2025-06-24 19:49:07,506 - infortic_scraper          - INFO     - Memulai tahap pembersihan data kompetisi kedaluwarsa di database...
2025-06-24 19:49:07,506 - core.database             - INFO     - Menghapus kompetisi yang sudah kedaluwarsa dari database...
2025-06-24 19:49:08,250 - httpx                     - INFO     - HTTP Request: DELETE https://jnqozfvnkhaxjfbfjyye.supabase.co/rest/v1/competitions?deadline=lt.2025-06-24T19%3A49%3A07.786472 "HTTP/2 200 OK"
2025-06-24 19:49:08,258 - core.database             - INFO     - Tidak ada kompetisi kedaluwarsa yang perlu dihapus.
2025-06-24 19:49:08,258 - infortic_scraper          - INFO     - Tahap pembersihan selesai.
2025-06-24 19:49:08,258 - core.database             - INFO     - Mengambil daftar kategori dari Supabase...
2025-06-24 19:49:08,318 - httpx                     - INFO     - HTTP Request: GET https://jnqozfvnkhaxjfbfjyye.supabase.co/rest/v1/categories?select=id%2Cname%2Cslug "HTTP/2 200 OK"
2025-06-24 19:49:08,319 - core.database             - INFO     - Berhasil mengambil 16 kategori.
2025-06-24 19:49:08,319 - infortic_scraper          - INFO     - Memulai proses untuk sumber: instagram.com
2025-06-24 19:49:08,319 - core.database             - INFO     - Memanggil fungsi RPC 'get_or_create_source_id' untuk sumber: instagram.com
2025-06-24 19:49:08,381 - httpx                     - INFO     - HTTP Request: POST https://jnqozfvnkhaxjfbfjyye.supabase.co/rest/v1/rpc/get_or_create_source_id "HTTP/2 200 OK"
2025-06-24 19:49:08,383 - core.database             - INFO     - Berhasil mendapatkan source_id: 6fbad0b8-c4c4-425e-bace-28f3d8e52a04
2025-06-24 19:49:08,384 - scrapers.instagram.com    - INFO     - Scraper for instagram.com initialized (Debug: True).
2025-06-24 19:49:08,384 - scrapers.instagram.com    - INFO     - Starting Instagram scrape with Playwright.
2025-06-24 19:49:11,011 - scrapers.instagram.com    - INFO     - Navigating to csrelatedcompetitions's profile.
2025-06-24 19:49:11,971 - scrapers.instagram.com    - INFO     - Waiting for profile header to load...
2025-06-24 19:49:12,883 - scrapers.instagram.com    - INFO     - Profile header loaded.
2025-06-24 19:49:12,883 - scrapers.instagram.com    - INFO     - Scrolling down to trigger post loading...
2025-06-24 19:49:12,889 - scrapers.instagram.com    - INFO     - Scroll attempt 1/3, waiting for content...
2025-06-24 19:49:15,952 - scrapers.instagram.com    - INFO     - Scroll attempt 2/3, waiting for content...
2025-06-24 19:49:19,013 - scrapers.instagram.com    - INFO     - Scroll attempt 3/3, waiting for content...
2025-06-24 19:49:22,155 - scrapers.instagram.com    - INFO     - Post grid found with BeautifulSoup. Found 45 initial posts. Proceeding with scrape.
2025-06-24 19:49:22,155 - scrapers.instagram.com    - INFO     - Scrolling to load all posts and collecting URLs with BeautifulSoup...
2025-06-24 19:49:22,282 - scrapers.instagram.com    - INFO     - Found 45 new post URLs. Total unique URLs: 45
2025-06-24 19:49:25,402 - scrapers.instagram.com    - INFO     - Found 12 new post URLs. Total unique URLs: 57
2025-06-24 19:49:28,521 - scrapers.instagram.com    - INFO     - Found 12 new post URLs. Total unique URLs: 69
2025-06-24 19:49:31,651 - scrapers.instagram.com    - INFO     - Found 12 new post URLs. Total unique URLs: 81
2025-06-24 19:49:34,780 - scrapers.instagram.com    - INFO     - Found 12 new post URLs. Total unique URLs: 93
2025-06-24 19:49:37,900 - scrapers.instagram.com    - INFO     - Found 12 new post URLs. Total unique URLs: 105
2025-06-24 19:49:41,020 - scrapers.instagram.com    - INFO     - Found 12 new post URLs. Total unique URLs: 117
2025-06-24 19:49:44,185 - scrapers.instagram.com    - INFO     - Found 12 new post URLs. Total unique URLs: 129
2025-06-24 19:49:47,308 - scrapers.instagram.com    - INFO     - Found 12 new post URLs. Total unique URLs: 141
2025-06-24 19:49:50,417 - scrapers.instagram.com    - INFO     - Found 12 new post URLs. Total unique URLs: 153
2025-06-24 19:49:53,537 - scrapers.instagram.com    - INFO     - Found 12 new post URLs. Total unique URLs: 165
2025-06-24 19:49:56,657 - scrapers.instagram.com    - INFO     - Found 12 new post URLs. Total unique URLs: 177
2025-06-24 19:49:59,783 - scrapers.instagram.com    - INFO     - Found 12 new post URLs. Total unique URLs: 189
2025-06-24 19:50:02,898 - scrapers.instagram.com    - INFO     - Found 12 new post URLs. Total unique URLs: 201
2025-06-24 19:50:06,045 - scrapers.instagram.com    - INFO     - Found 12 new post URLs. Total unique URLs: 213
2025-06-24 19:50:09,188 - scrapers.instagram.com    - INFO     - Found 12 new post URLs. Total unique URLs: 225
2025-06-24 19:50:12,305 - scrapers.instagram.com    - INFO     - Found 12 new post URLs. Total unique URLs: 237
2025-06-24 19:50:15,415 - scrapers.instagram.com    - INFO     - Found 12 new post URLs. Total unique URLs: 249
2025-06-24 19:50:18,544 - scrapers.instagram.com    - INFO     - Found 12 new post URLs. Total unique URLs: 261
2025-06-24 19:50:21,649 - scrapers.instagram.com    - INFO     - Found 12 new post URLs. Total unique URLs: 273
2025-06-24 19:50:24,758 - scrapers.instagram.com    - INFO     - Found 12 new post URLs. Total unique URLs: 285
2025-06-24 19:50:27,875 - scrapers.instagram.com    - INFO     - Found 12 new post URLs. Total unique URLs: 297
2025-06-24 19:50:31,002 - scrapers.instagram.com    - INFO     - Found 12 new post URLs. Total unique URLs: 309
2025-06-24 19:50:34,116 - scrapers.instagram.com    - INFO     - Found 12 new post URLs. Total unique URLs: 321
2025-06-24 19:50:37,250 - scrapers.instagram.com    - INFO     - Found 12 new post URLs. Total unique URLs: 333
2025-06-24 19:50:40,395 - scrapers.instagram.com    - INFO     - Found 12 new post URLs. Total unique URLs: 345
2025-06-24 19:50:43,529 - scrapers.instagram.com    - INFO     - Found 12 new post URLs. Total unique URLs: 357
2025-06-24 19:50:46,644 - scrapers.instagram.com    - INFO     - Found 12 new post URLs. Total unique URLs: 369
2025-06-24 19:50:49,770 - scrapers.instagram.com    - INFO     - Found 12 new post URLs. Total unique URLs: 381
2025-06-24 19:50:52,891 - scrapers.instagram.com    - INFO     - Found 12 new post URLs. Total unique URLs: 393
2025-06-24 19:50:56,008 - scrapers.instagram.com    - INFO     - Found 12 new post URLs. Total unique URLs: 405
2025-06-24 19:50:59,128 - scrapers.instagram.com    - INFO     - Found 12 new post URLs. Total unique URLs: 417
2025-06-24 19:51:02,240 - scrapers.instagram.com    - INFO     - Found 12 new post URLs. Total unique URLs: 429
2025-06-24 19:51:05,350 - scrapers.instagram.com    - INFO     - Found 12 new post URLs. Total unique URLs: 441
2025-06-24 19:51:08,491 - scrapers.instagram.com    - INFO     - Found 12 new post URLs. Total unique URLs: 453
2025-06-24 19:51:11,614 - scrapers.instagram.com    - INFO     - Found 12 new post URLs. Total unique URLs: 465
2025-06-24 19:51:14,746 - scrapers.instagram.com    - INFO     - Found 12 new post URLs. Total unique URLs: 477
2025-06-24 19:51:17,857 - scrapers.instagram.com    - INFO     - Found 12 new post URLs. Total unique URLs: 489
2025-06-24 19:51:20,972 - scrapers.instagram.com    - INFO     - Found 12 new post URLs. Total unique URLs: 501
2025-06-24 19:51:24,089 - scrapers.instagram.com    - INFO     - Found 11 new post URLs. Total unique URLs: 512
2025-06-24 19:51:27,198 - scrapers.instagram.com    - INFO     - Found 12 new post URLs. Total unique URLs: 524
2025-06-24 19:51:30,308 - scrapers.instagram.com    - INFO     - Found 12 new post URLs. Total unique URLs: 536
2025-06-24 19:51:33,414 - scrapers.instagram.com    - INFO     - Found 11 new post URLs. Total unique URLs: 547
2025-06-24 19:51:36,546 - scrapers.instagram.com    - INFO     - Found 12 new post URLs. Total unique URLs: 559
2025-06-24 19:51:39,655 - scrapers.instagram.com    - INFO     - Found 12 new post URLs. Total unique URLs: 571
2025-06-24 19:51:42,769 - scrapers.instagram.com    - INFO     - Found 12 new post URLs. Total unique URLs: 583
2025-06-24 19:51:45,882 - scrapers.instagram.com    - INFO     - Found 12 new post URLs. Total unique URLs: 595
2025-06-24 19:51:49,096 - scrapers.instagram.com    - INFO     - Found 12 new post URLs. Total unique URLs: 607
2025-06-24 19:51:52,223 - scrapers.instagram.com    - INFO     - Found 12 new post URLs. Total unique URLs: 619
2025-06-24 19:51:55,353 - scrapers.instagram.com    - INFO     - Found 11 new post URLs. Total unique URLs: 630
2025-06-24 19:51:58,358 - scrapers.instagram.com    - WARNING  - Reached max scroll attempts.
2025-06-24 19:51:58,358 - scrapers.instagram.com    - INFO     - Finished scrolling. Collected 630 unique post URLs.
2025-06-24 19:51:58,365 - scrapers.instagram.com    - INFO     - Saved collected URLs to logs\instagram_urls_csrelatedcompetitions.txt
2025-06-24 19:51:58,366 - scrapers.instagram.com    - INFO     - Scraping post: https://www.instagram.com/csrelatedcompetitions/p/C-2In76T4YH/
2025-06-24 19:52:00,428 - scrapers.instagram.com    - INFO     - Article element loaded.
2025-06-24 19:52:00,900 - scrapers.instagram.com    - INFO     - Found caption for https://www.instagram.com/csrelatedcompetitions/p/C-2In76T4YH/
2025-06-24 19:52:00,900 - scrapers.instagram.com    - INFO     - Scraping post: https://www.instagram.com/csrelatedcompetitions/p/C-4Kj9NzrkA/
2025-06-24 19:52:02,772 - scrapers.instagram.com    - INFO     - Article element loaded.
2025-06-24 19:52:02,804 - scrapers.instagram.com    - INFO     - Found caption for https://www.instagram.com/csrelatedcompetitions/p/C-4Kj9NzrkA/
2025-06-24 19:52:02,805 - scrapers.instagram.com    - INFO     - Scraping post: https://www.instagram.com/csrelatedcompetitions/p/C-67F0Szjuq/
2025-06-24 19:52:06,955 - scrapers.instagram.com    - INFO     - Article element loaded.
2025-06-24 19:52:06,979 - scrapers.instagram.com    - INFO     - Found caption for https://www.instagram.com/csrelatedcompetitions/p/C-67F0Szjuq/
2025-06-24 19:52:06,979 - scrapers.instagram.com    - INFO     - Scraping post: https://www.instagram.com/csrelatedcompetitions/p/C-DNUbbT6M3/
2025-06-24 19:52:08,493 - scrapers.instagram.com    - INFO     - Article element loaded.
2025-06-24 19:52:08,835 - scrapers.instagram.com    - INFO     - Found caption for https://www.instagram.com/csrelatedcompetitions/p/C-DNUbbT6M3/
2025-06-24 19:52:08,835 - scrapers.instagram.com    - INFO     - Scraping post: https://www.instagram.com/csrelatedcompetitions/p/C-DO-yvz1Zl/
2025-06-24 19:52:10,538 - scrapers.instagram.com    - INFO     - Article element loaded.
2025-06-24 19:52:10,872 - scrapers.instagram.com    - INFO     - Found caption for https://www.instagram.com/csrelatedcompetitions/p/C-DO-yvz1Zl/
2025-06-24 19:52:10,872 - scrapers.instagram.com    - INFO     - Scraping finished.
2025-06-24 19:52:11,223 - infortic_scraper          - INFO     - Selesai scrape dari instagram.com, mendapatkan 5 kompetisi mentah.
2025-06-24 19:52:11,227 - infortic_scraper          - WARNING  - Skipping competition from instagram.com due to missing title after cleaning.
2025-06-24 19:52:11,229 - core.data_cleaner         - INFO     - Fallback: Using first non-social link from description: https://mage-its.id/competition/ui-ux
2025-06-24 19:52:11,229 - core.data_cleaner         - INFO     - Fallback: Found Instagram handle '@mage_its' and set 'Mage Its' as organizer for 'None'.
2025-06-24 19:52:11,230 - infortic_scraper          - WARNING  - Skipping competition from instagram.com due to missing title after cleaning.
2025-06-24 19:52:11,231 - infortic_scraper          - WARNING  - Skipping competition from instagram.com due to missing title after cleaning.
2025-06-24 19:52:11,232 - core.data_cleaner         - INFO     - Fallback: Found Instagram handle '@cpsc_ipb' and set 'Cpsc Ipb' as organizer for 'None'.
2025-06-24 19:52:11,233 - infortic_scraper          - WARNING  - Skipping competition from instagram.com due to missing title after cleaning.
2025-06-24 19:52:11,233 - core.data_cleaner         - INFO     - Fallback: Using first non-social link from description: https://tlx.toki.id/contests/troc-37
2025-06-24 19:52:11,233 - core.data_cleaner         - WARNING  - Tidak ada kategori yang dapat ditetapkan untuk acara: 'None'
2025-06-24 19:52:11,233 - infortic_scraper          - WARNING  - Skipping competition from instagram.com due to missing title after cleaning.
2025-06-24 19:52:11,233 - infortic_scraper          - WARNING  - Tidak ada kompetisi baru yang berhasil di-scrape dan divalidasi dari semua sumber.
2025-06-24 19:52:11,234 - infortic_scraper          - INFO     - Proses scraping selesai.
2025-06-24 19:52:11,234 - infortic_scraper          - INFO     - --- Ringkasan Hasil Scraping ---
2025-06-24 19:52:11,234 - infortic_scraper          - INFO     - instagram.com: 5 acara
2025-06-24 19:52:11,234 - infortic_scraper          - INFO     - --------------------------------
