2025-06-24 19:53:25,721 - root                      - INFO     - Debug log will be saved to logs\scrape_debug_2025-06-24_19-53-25.log
2025-06-24 19:53:26,937 - infortic_scraper          - INFO     - Memulai proses scraping... (Mode Debug: True)
2025-06-24 19:53:27,330 - infortic_scraper          - INFO     - Memulai tahap pembersihan data kompetisi kedaluwarsa di database...
2025-06-24 19:53:27,330 - core.database             - INFO     - Menghapus kompetisi yang sudah kedaluwarsa dari database...
2025-06-24 19:53:28,535 - httpx                     - INFO     - HTTP Request: DELETE https://jnqozfvnkhaxjfbfjyye.supabase.co/rest/v1/competitions?deadline=lt.2025-06-24T19%3A53%3A27.617256 "HTTP/2 200 OK"
2025-06-24 19:53:28,539 - core.database             - INFO     - Tidak ada kompetisi kedaluwarsa yang perlu dihapus.
2025-06-24 19:53:28,539 - infortic_scraper          - INFO     - Tahap pembersihan selesai.
2025-06-24 19:53:28,539 - core.database             - INFO     - Mengambil daftar kategori dari Supabase...
2025-06-24 19:53:28,631 - httpx                     - INFO     - HTTP Request: GET https://jnqozfvnkhaxjfbfjyye.supabase.co/rest/v1/categories?select=id%2Cname%2Cslug "HTTP/2 200 OK"
2025-06-24 19:53:28,632 - core.database             - INFO     - Berhasil mengambil 16 kategori.
2025-06-24 19:53:28,632 - infortic_scraper          - INFO     - Memulai proses untuk sumber: instagram.com
2025-06-24 19:53:28,632 - core.database             - INFO     - Memanggil fungsi RPC 'get_or_create_source_id' untuk sumber: instagram.com
2025-06-24 19:53:28,712 - httpx                     - INFO     - HTTP Request: POST https://jnqozfvnkhaxjfbfjyye.supabase.co/rest/v1/rpc/get_or_create_source_id "HTTP/2 200 OK"
2025-06-24 19:53:28,715 - core.database             - INFO     - Berhasil mendapatkan source_id: 6fbad0b8-c4c4-425e-bace-28f3d8e52a04
2025-06-24 19:53:28,715 - scrapers.instagram.com    - INFO     - Scraper for instagram.com initialized (Debug: True).
2025-06-24 19:53:28,715 - scrapers.instagram.com    - INFO     - Starting Instagram scrape with Playwright.
2025-06-24 19:53:30,295 - scrapers.instagram.com    - INFO     - Navigating to csrelatedcompetitions's profile.
2025-06-24 19:53:31,406 - scrapers.instagram.com    - INFO     - Waiting for profile header to load...
2025-06-24 19:53:32,034 - scrapers.instagram.com    - INFO     - Profile header loaded.
2025-06-24 19:53:32,034 - scrapers.instagram.com    - INFO     - Scrolling down to trigger post loading...
2025-06-24 19:53:32,102 - scrapers.instagram.com    - INFO     - Scroll attempt 1/3, waiting for content...
2025-06-24 19:53:35,141 - scrapers.instagram.com    - INFO     - Scroll attempt 2/3, waiting for content...
2025-06-24 19:53:38,201 - scrapers.instagram.com    - INFO     - Scroll attempt 3/3, waiting for content...
2025-06-24 19:53:41,332 - scrapers.instagram.com    - INFO     - Post grid found with BeautifulSoup. Found 36 initial posts. Proceeding with scrape.
2025-06-24 19:53:41,332 - scrapers.instagram.com    - INFO     - Scrolling to load all posts and collecting URLs with BeautifulSoup...
2025-06-24 19:53:41,465 - scrapers.instagram.com    - INFO     - Found 36 new post URLs. Total unique URLs: 36
2025-06-24 19:53:44,609 - scrapers.instagram.com    - INFO     - Found 12 new post URLs. Total unique URLs: 48
2025-06-24 19:53:47,724 - scrapers.instagram.com    - INFO     - Found 12 new post URLs. Total unique URLs: 60
2025-06-24 19:53:50,834 - scrapers.instagram.com    - INFO     - Found 12 new post URLs. Total unique URLs: 72
2025-06-24 19:53:53,960 - scrapers.instagram.com    - INFO     - Found 12 new post URLs. Total unique URLs: 84
2025-06-24 19:53:57,079 - scrapers.instagram.com    - INFO     - Found 12 new post URLs. Total unique URLs: 96
2025-06-24 19:54:00,196 - scrapers.instagram.com    - INFO     - Found 12 new post URLs. Total unique URLs: 108
2025-06-24 19:54:03,345 - scrapers.instagram.com    - INFO     - Found 12 new post URLs. Total unique URLs: 120
2025-06-24 19:54:06,470 - scrapers.instagram.com    - INFO     - Found 12 new post URLs. Total unique URLs: 132
2025-06-24 19:54:09,582 - scrapers.instagram.com    - INFO     - Found 12 new post URLs. Total unique URLs: 144
2025-06-24 19:54:12,692 - scrapers.instagram.com    - INFO     - Found 12 new post URLs. Total unique URLs: 156
2025-06-24 19:54:15,832 - scrapers.instagram.com    - INFO     - Found 12 new post URLs. Total unique URLs: 168
2025-06-24 19:54:18,943 - scrapers.instagram.com    - INFO     - Found 12 new post URLs. Total unique URLs: 180
2025-06-24 19:54:22,075 - scrapers.instagram.com    - INFO     - Found 12 new post URLs. Total unique URLs: 192
2025-06-24 19:54:25,203 - scrapers.instagram.com    - INFO     - Found 12 new post URLs. Total unique URLs: 204
2025-06-24 19:54:28,323 - scrapers.instagram.com    - INFO     - Found 12 new post URLs. Total unique URLs: 216
2025-06-24 19:54:31,432 - scrapers.instagram.com    - INFO     - Found 12 new post URLs. Total unique URLs: 228
2025-06-24 19:54:34,554 - scrapers.instagram.com    - INFO     - Found 12 new post URLs. Total unique URLs: 240
2025-06-24 19:54:37,675 - scrapers.instagram.com    - INFO     - Found 12 new post URLs. Total unique URLs: 252
2025-06-24 19:54:40,813 - scrapers.instagram.com    - INFO     - Found 12 new post URLs. Total unique URLs: 264
2025-06-24 19:54:43,923 - scrapers.instagram.com    - INFO     - Found 12 new post URLs. Total unique URLs: 276
2025-06-24 19:54:47,037 - scrapers.instagram.com    - INFO     - Found 12 new post URLs. Total unique URLs: 288
2025-06-24 19:54:50,161 - scrapers.instagram.com    - INFO     - Found 12 new post URLs. Total unique URLs: 300
2025-06-24 19:54:53,290 - scrapers.instagram.com    - INFO     - Found 12 new post URLs. Total unique URLs: 312
2025-06-24 19:54:56,405 - scrapers.instagram.com    - INFO     - Found 12 new post URLs. Total unique URLs: 324
2025-06-24 19:54:59,547 - scrapers.instagram.com    - INFO     - Found 12 new post URLs. Total unique URLs: 336
2025-06-24 19:55:02,654 - scrapers.instagram.com    - INFO     - Found 12 new post URLs. Total unique URLs: 348
2025-06-24 19:55:05,765 - scrapers.instagram.com    - INFO     - Found 12 new post URLs. Total unique URLs: 360
2025-06-24 19:55:08,874 - scrapers.instagram.com    - INFO     - Found 12 new post URLs. Total unique URLs: 372
2025-06-24 19:55:11,988 - scrapers.instagram.com    - INFO     - Found 12 new post URLs. Total unique URLs: 384
2025-06-24 19:55:15,108 - scrapers.instagram.com    - INFO     - Found 12 new post URLs. Total unique URLs: 396
2025-06-24 19:55:18,216 - scrapers.instagram.com    - INFO     - Found 12 new post URLs. Total unique URLs: 408
2025-06-24 19:55:21,334 - scrapers.instagram.com    - INFO     - Found 12 new post URLs. Total unique URLs: 420
2025-06-24 19:55:24,449 - scrapers.instagram.com    - INFO     - Found 12 new post URLs. Total unique URLs: 432
2025-06-24 19:55:27,559 - scrapers.instagram.com    - INFO     - Found 12 new post URLs. Total unique URLs: 444
2025-06-24 19:55:30,667 - scrapers.instagram.com    - INFO     - Found 12 new post URLs. Total unique URLs: 456
2025-06-24 19:55:33,781 - scrapers.instagram.com    - INFO     - Found 12 new post URLs. Total unique URLs: 468
2025-06-24 19:55:36,890 - scrapers.instagram.com    - INFO     - Found 12 new post URLs. Total unique URLs: 480
2025-06-24 19:55:40,006 - scrapers.instagram.com    - INFO     - Found 12 new post URLs. Total unique URLs: 492
2025-06-24 19:55:43,121 - scrapers.instagram.com    - INFO     - Found 12 new post URLs. Total unique URLs: 504
2025-06-24 19:55:46,232 - scrapers.instagram.com    - INFO     - Found 11 new post URLs. Total unique URLs: 515
2025-06-24 19:55:49,344 - scrapers.instagram.com    - INFO     - Found 12 new post URLs. Total unique URLs: 527
2025-06-24 19:55:52,449 - scrapers.instagram.com    - INFO     - Found 12 new post URLs. Total unique URLs: 539
2025-06-24 19:55:55,609 - scrapers.instagram.com    - INFO     - Found 11 new post URLs. Total unique URLs: 550
2025-06-24 19:55:58,727 - scrapers.instagram.com    - INFO     - Found 12 new post URLs. Total unique URLs: 562
2025-06-24 19:56:01,839 - scrapers.instagram.com    - INFO     - Found 12 new post URLs. Total unique URLs: 574
2025-06-24 19:56:04,970 - scrapers.instagram.com    - INFO     - Found 12 new post URLs. Total unique URLs: 586
2025-06-24 19:56:08,191 - scrapers.instagram.com    - INFO     - Found 12 new post URLs. Total unique URLs: 598
2025-06-24 19:56:11,333 - scrapers.instagram.com    - INFO     - Found 12 new post URLs. Total unique URLs: 610
2025-06-24 19:56:14,469 - scrapers.instagram.com    - INFO     - Found 12 new post URLs. Total unique URLs: 622
2025-06-24 19:56:17,474 - scrapers.instagram.com    - WARNING  - Reached max scroll attempts.
2025-06-24 19:56:17,474 - scrapers.instagram.com    - INFO     - Finished scrolling. Collected 622 unique post URLs.
2025-06-24 19:56:17,477 - scrapers.instagram.com    - INFO     - Saved collected URLs to logs\instagram_urls_csrelatedcompetitions.txt
2025-06-24 19:56:17,478 - scrapers.instagram.com    - INFO     - Scraping post: https://www.instagram.com/csrelatedcompetitions/p/C-2In76T4YH/
2025-06-24 19:56:19,361 - scrapers.instagram.com    - INFO     - Article element loaded.
2025-06-24 19:56:19,648 - scrapers.instagram.com    - INFO     - Found caption for https://www.instagram.com/csrelatedcompetitions/p/C-2In76T4YH/
2025-06-24 19:56:19,648 - scrapers.instagram.com    - INFO     - Scraping post: https://www.instagram.com/csrelatedcompetitions/p/C-4Kj9NzrkA/
2025-06-24 19:56:21,581 - scrapers.instagram.com    - INFO     - Article element loaded.
2025-06-24 19:56:21,597 - scrapers.instagram.com    - INFO     - Found caption for https://www.instagram.com/csrelatedcompetitions/p/C-4Kj9NzrkA/
2025-06-24 19:56:21,598 - scrapers.instagram.com    - INFO     - Scraping post: https://www.instagram.com/csrelatedcompetitions/p/C-67F0Szjuq/
2025-06-24 19:56:23,331 - scrapers.instagram.com    - INFO     - Article element loaded.
2025-06-24 19:56:24,169 - scrapers.instagram.com    - INFO     - Found caption for https://www.instagram.com/csrelatedcompetitions/p/C-67F0Szjuq/
2025-06-24 19:56:24,169 - scrapers.instagram.com    - INFO     - Scraping post: https://www.instagram.com/csrelatedcompetitions/p/C-DNUbbT6M3/
2025-06-24 19:56:25,397 - scrapers.instagram.com    - INFO     - Article element loaded.
2025-06-24 19:56:25,732 - scrapers.instagram.com    - INFO     - Found caption for https://www.instagram.com/csrelatedcompetitions/p/C-DNUbbT6M3/
2025-06-24 19:56:25,732 - scrapers.instagram.com    - INFO     - Scraping post: https://www.instagram.com/csrelatedcompetitions/p/C-DO-yvz1Zl/
2025-06-24 19:56:27,386 - scrapers.instagram.com    - INFO     - Article element loaded.
2025-06-24 19:56:27,706 - scrapers.instagram.com    - INFO     - Found caption for https://www.instagram.com/csrelatedcompetitions/p/C-DO-yvz1Zl/
2025-06-24 19:56:27,706 - scrapers.instagram.com    - INFO     - Scraping finished.
2025-06-24 19:56:28,154 - infortic_scraper          - INFO     - Selesai scrape dari instagram.com, mendapatkan 5 kompetisi mentah.
2025-06-24 19:56:28,157 - infortic_scraper          - WARNING  - Skipping competition from instagram.com due to missing title after cleaning.
2025-06-24 19:56:28,158 - core.data_cleaner         - INFO     - Fallback: Using first non-social link from description: https://mage-its.id/competition/ui-ux
2025-06-24 19:56:28,158 - core.data_cleaner         - INFO     - Fallback: Found Instagram handle '@mage_its' and set 'Mage Its' as organizer for 'None'.
2025-06-24 19:56:28,159 - infortic_scraper          - WARNING  - Skipping competition from instagram.com due to missing title after cleaning.
2025-06-24 19:56:28,160 - infortic_scraper          - WARNING  - Skipping competition from instagram.com due to missing title after cleaning.
2025-06-24 19:56:28,160 - core.data_cleaner         - INFO     - Fallback: Found Instagram handle '@cpsc_ipb' and set 'Cpsc Ipb' as organizer for 'None'.
2025-06-24 19:56:28,161 - infortic_scraper          - WARNING  - Skipping competition from instagram.com due to missing title after cleaning.
2025-06-24 19:56:28,162 - core.data_cleaner         - INFO     - Fallback: Using first non-social link from description: https://tlx.toki.id/contests/troc-37
2025-06-24 19:56:28,162 - core.data_cleaner         - WARNING  - Tidak ada kategori yang dapat ditetapkan untuk acara: 'None'
2025-06-24 19:56:28,162 - infortic_scraper          - WARNING  - Skipping competition from instagram.com due to missing title after cleaning.
2025-06-24 19:56:28,162 - infortic_scraper          - WARNING  - Tidak ada kompetisi baru yang berhasil di-scrape dan divalidasi dari semua sumber.
2025-06-24 19:56:28,163 - infortic_scraper          - INFO     - Proses scraping selesai.
2025-06-24 19:56:28,163 - infortic_scraper          - INFO     - --- Ringkasan Hasil Scraping ---
2025-06-24 19:56:28,163 - infortic_scraper          - INFO     - instagram.com: 5 acara
2025-06-24 19:56:28,163 - infortic_scraper          - INFO     - --------------------------------
