2025-06-24 15:07:46,179 - root                      - INFO     - Debug log will be saved to logs\scrape_debug_2025-06-24_15-07-46.log
2025-06-24 15:07:47,856 - infortic_scraper          - INFO     - Memulai proses scraping... (Mode Debug: True)
2025-06-24 15:07:48,312 - infortic_scraper          - INFO     - Memulai tahap pembersihan data kompetisi kedaluwarsa di database...
2025-06-24 15:07:48,312 - core.database             - INFO     - Menghapus kompetisi yang sudah kedaluwarsa dari database...
2025-06-24 15:07:49,070 - httpx                     - INFO     - HTTP Request: DELETE https://jnqozfvnkhaxjfbfjyye.supabase.co/rest/v1/competitions?deadline=lt.2025-06-24T15%3A07%3A48.603827 "HTTP/2 200 OK"
2025-06-24 15:07:49,077 - core.database             - INFO     - Tidak ada kompetisi kedaluwarsa yang perlu dihapus.
2025-06-24 15:07:49,077 - infortic_scraper          - INFO     - Tahap pembersihan selesai.
2025-06-24 15:07:49,077 - core.database             - INFO     - Mengambil daftar kategori dari Supabase...
2025-06-24 15:07:49,161 - httpx                     - INFO     - HTTP Request: GET https://jnqozfvnkhaxjfbfjyye.supabase.co/rest/v1/categories?select=id%2Cname%2Cslug "HTTP/2 200 OK"
2025-06-24 15:07:49,162 - core.database             - INFO     - Berhasil mengambil 16 kategori.
2025-06-24 15:07:49,162 - infortic_scraper          - INFO     - Memulai proses untuk sumber: instagram.com
2025-06-24 15:07:49,162 - core.database             - INFO     - Memanggil fungsi RPC 'get_or_create_source_id' untuk sumber: instagram.com
2025-06-24 15:07:49,231 - httpx                     - INFO     - HTTP Request: POST https://jnqozfvnkhaxjfbfjyye.supabase.co/rest/v1/rpc/get_or_create_source_id "HTTP/2 200 OK"
2025-06-24 15:07:49,234 - core.database             - INFO     - Berhasil mendapatkan source_id: 6fbad0b8-c4c4-425e-bace-28f3d8e52a04
2025-06-24 15:07:49,234 - scrapers.instagram.com    - INFO     - Scraper for instagram.com initialized (Debug: True).
2025-06-24 15:07:49,234 - scrapers.instagram.com    - INFO     - Starting Instagram scrape with Playwright.
2025-06-24 15:07:52,174 - scrapers.instagram.com    - INFO     - Logging in to Instagram...
2025-06-24 15:08:02,783 - scrapers.instagram.com    - INFO     - Login successful, main page loaded.
2025-06-24 15:08:02,826 - scrapers.instagram.com    - INFO     - Navigating to csrelatedcompetitions's profile.
2025-06-24 15:08:34,533 - infortic_scraper          - ERROR    - Caught an exception while running scraper: instagram.com
2025-06-24 15:08:34,533 - infortic_scraper          - ERROR    - Exception details for instagram.com:
Traceback (most recent call last):
  File "D:\Gerry\Programmer\Best Terbaik(2025)\Project\Infortic\infortic-scraper\scraper.py", line 95, in main
    scraped_competitions = scraper_instance.scrape()
  File "D:\Gerry\Programmer\Best Terbaik(2025)\Project\Infortic\infortic-scraper\scrapers\instagram_playwright_scraper.py", line 70, in scrape
    page.wait_for_selector('article a')
    ~~~~~~~~~~~~~~~~~~~~~~^^^^^^^^^^^^^
  File "C:\Users\Gallan\AppData\Local\Programs\Python\Python313\Lib\site-packages\playwright\sync_api\_generated.py", line 8187, in wait_for_selector
    self._sync(
    ~~~~~~~~~~^
        self._impl_obj.wait_for_selector(
        ^^^^^^^^^^^^^^^^^^^^^^^^^^^^^^^^^
            selector=selector, timeout=timeout, state=state, strict=strict
            ^^^^^^^^^^^^^^^^^^^^^^^^^^^^^^^^^^^^^^^^^^^^^^^^^^^^^^^^^^^^^^
        )
        ^
    )
    ^
  File "C:\Users\Gallan\AppData\Local\Programs\Python\Python313\Lib\site-packages\playwright\_impl\_sync_base.py", line 115, in _sync
    return task.result()
           ~~~~~~~~~~~^^
  File "C:\Users\Gallan\AppData\Local\Programs\Python\Python313\Lib\site-packages\playwright\_impl\_page.py", line 425, in wait_for_selector
    return await self._main_frame.wait_for_selector(**locals_to_params(locals()))
           ^^^^^^^^^^^^^^^^^^^^^^^^^^^^^^^^^^^^^^^^^^^^^^^^^^^^^^^^^^^^^^^^^^^^^^
  File "C:\Users\Gallan\AppData\Local\Programs\Python\Python313\Lib\site-packages\playwright\_impl\_frame.py", line 323, in wait_for_selector
    await self._channel.send("waitForSelector", locals_to_params(locals()))
  File "C:\Users\Gallan\AppData\Local\Programs\Python\Python313\Lib\site-packages\playwright\_impl\_connection.py", line 61, in send
    return await self._connection.wrap_api_call(
           ^^^^^^^^^^^^^^^^^^^^^^^^^^^^^^^^^^^^^
    ...<2 lines>...
    )
    ^
  File "C:\Users\Gallan\AppData\Local\Programs\Python\Python313\Lib\site-packages\playwright\_impl\_connection.py", line 528, in wrap_api_call
    raise rewrite_error(error, f"{parsed_st['apiName']}: {error}") from None
playwright._impl._errors.TimeoutError: Page.wait_for_selector: Timeout 30000ms exceeded.
Call log:
  - waiting for locator("article a") to be visible

2025-06-24 15:08:34,536 - infortic_scraper          - WARNING  - Tidak ada kompetisi baru yang berhasil di-scrape dan divalidasi dari semua sumber.
2025-06-24 15:08:34,536 - infortic_scraper          - INFO     - Proses scraping selesai.
2025-06-24 15:08:34,536 - infortic_scraper          - INFO     - --- Ringkasan Hasil Scraping ---
2025-06-24 15:08:34,536 - infortic_scraper          - INFO     - instagram.com: Gagal (Exception) acara
2025-06-24 15:08:34,536 - infortic_scraper          - INFO     - --------------------------------
